18:14:30|------------------------Log started------------------------
18:14:30|ZCAD log v0.9.6.61 started
18:14:30|Program compiled on Borland Developer Studio DELPHI2006
18:14:30|Program compiled with {$DEFINE PERFOMANCELOG}
18:14:30|Program compiled with {$DEFINE BREACKPOINTSONERRORS}
18:14:30|Varman.startup
18:14:30|end; {Varman.startup}
18:14:30|ERROR: In unit "System" not found type "GDBaseObject"
18:14:30|ERROR: In unit "System" not found type "TZCPOffsetTable"
18:14:30|ERROR: In unit "System" not found type "ZCPHeader"
18:14:30|ERROR: In unit "System" not found type "TObjLinkRecord"
18:14:30|ERROR: In unit "System" not found type "IMatrix4"
18:14:30|ERROR: In unit "System" not found type "DMatrix4D"
18:14:30|ERROR: In unit "System" not found type "GDBvertex"
18:14:30|ERROR: In unit "System" not found type "GDBLineProp"
18:14:30|ERROR: In unit "System" not found type "GDBvertex4D"
18:14:30|ERROR: In unit "System" not found type "GDBvertex2D"
18:14:30|ERROR: In unit "System" not found type "GDBPolyVertex2D"
18:14:30|ERROR: In unit "System" not found type "GDBPolyVertex3D"
18:14:30|ERROR: In unit "System" not found type "GDBvertex2S"
18:14:30|ERROR: In unit "System" not found type "GDBQuad3d"
18:14:30|ERROR: In unit "System" not found type "GDBLineProj"
18:14:30|ERROR: In unit "System" not found type "GDBBaseCamera"
18:14:30|ERROR: In unit "System" not found type "RGB"
18:14:30|ERROR: In unit "System" not found type "GDBNamedObject"
18:14:30|ERROR: In unit "System" not found type "GLLWWidth"
18:14:30|ERROR: In unit "System" not found type "GDBOpenArrayGLlwwidth_GDBWord"
18:14:30|ERROR: In unit "System" not found type "GDBStrWithPoint"
18:14:30|ERROR: In unit "System" not found type "GDBArrayGLlwwidth"
18:14:30|ERROR: In unit "System" not found type "GDBArrayVertex"
18:14:30|ERROR: In unit "System" not found type "GDBfont"
18:14:30|ERROR: In unit "System" not found type "controlpointdesc"
18:14:30|ERROR: In unit "System" not found type "OpenArray"
18:14:30|ERROR: In unit "System" not found type "GDBOpenArray"
18:14:30|ERROR: In unit "System" not found type "GDBITERATEPROC"
18:14:30|ERROR: In unit "System" not found type "freeelproc"
18:14:30|ERROR: In unit "System" not found type "GDBOpenArrayOfData"
18:14:30|ERROR: In unit "System" not found type "freeelproc"
18:14:30|ERROR: In unit "System" not found type "GDBOpenArrayOfGDBPointer"
18:14:30|ERROR: In unit "System" not found type "GDBOpenArrayOfPObjects"
18:14:30|ERROR: In unit "System" not found type "GDBOpenArrayOfObjects"
18:14:30|ERROR: In unit "System" not found type "GDBObjOpenArrayOfPV"
18:14:30|ERROR: In unit "System" not found type "PGDBObjEntity"
18:14:30|ERROR: In unit "System" not found type "PGDBObjEntity"
18:14:30|ERROR: In unit "System" not found type "GDBObjEntityOpenArray"
18:14:30|ERROR: In unit "System" not found type "GDBControlPointArray"
18:14:30|ERROR: In unit "System" not found type "GDBOOutbound2DIArray"
18:14:30|ERROR: In unit "System" not found type "GDBPolyline2DArray"
18:14:30|ERROR: In unit "System" not found type "GDBPolyPoint2DArray"
18:14:30|ERROR: In unit "System" not found type "GDBPolyPoint3DArray"
18:14:30|ERROR: In unit "System" not found type "SelectedObjDesc"
18:14:30|ERROR: In unit "System" not found type "PGDBObjEntity"
18:14:30|ERROR: In unit "System" not found type "PGDBObjEntity"
18:14:30|ERROR: In unit "System" not found type "PGDBObjEntity"
18:14:30|ERROR: In unit "System" not found type "pgdbobjEntity"
18:14:30|ERROR: In unit "System" not found type "GDBGDBStringArray"
18:14:30|ERROR: In unit "System" not found type "GDBTextStyleProp"
18:14:30|ERROR: In unit "System" not found type "GDBTextStyle"
18:14:30|ERROR: In unit "System" not found type "grafelement"
18:14:30|ERROR: In unit "System" not found type "pgdbobjEntity"
18:14:30|ERROR: In unit "System" not found type "pgdbobjEntity"
18:14:30|ERROR: In unit "System" not found type "XYZWGDBGDBStringArray"
18:14:30|ERROR: In unit "System" not found type "VectorSnap"
18:14:30|ERROR: In unit "System" not found type "VectorSnapArray"
18:14:30|ERROR: In unit "System" not found type "GDBVectorSnapArray"
18:14:30|ERROR: In unit "System" not found type "GDBOpenArrayOfByte"
18:14:30|ERROR: In unit "System" not found type "string"
18:14:30|ERROR: In unit "System" not found type "shortString"
18:14:30|ERROR: In unit "System" not found type "shortString"
18:14:30|ERROR: In unit "System" not found type "string"
18:14:30|ERROR: In unit "System" not found type "integer"
18:14:30|ERROR: In unit "System" not found type "Ansichar"
18:14:30|ERROR: In unit "System" not found type "integer"
18:14:30|ERROR: In unit "System" not found type "GDBNamedObjectsArray"
18:14:30|ERROR: In unit "System" not found type "Pointer"
18:14:30|ERROR: In unit "System" not found type "GDBLayerProp"
18:14:30|ERROR: In unit "System" not found type "GDBLayerPropArray"
18:14:30|ERROR: In unit "System" not found type "GDBLayerArray"
18:14:30|ERROR: In unit "System" not found type "TGDBTableStyle"
18:14:30|ERROR: In unit "System" not found type "GDBTableArray"
18:14:30|ERROR: In unit "System" not found type "trestoremode"
18:14:30|ERROR: In unit "System" not found type "gdbsysvariable"
18:14:30|ERROR: In unit "System" not found type "TTypedData"
18:14:30|ERROR: In unit "System" not found type "TEnumData"
18:14:30|ERROR: In unit "System" not found type "typemanagerdef"
18:14:30|ERROR: In unit "System" not found type "PUserTypeDescriptor"
18:14:30|ERROR: In unit "System" not found type "integer"
18:14:30|ERROR: In unit "System" not found type "PUserTypeDescriptor"
18:14:30|ERROR: In unit "System" not found type "varmanagerdef"
18:14:30|ERROR: In unit "System" not found type "pvardesk"
18:14:30|ERROR: In unit "System" not found type "PUserTypeDescriptor"
18:14:30|ERROR: In unit "System" not found type "shortString"
18:14:30|ERROR: In unit "System" not found type "typemanager"
18:14:30|ERROR: In unit "System" not found type "PObjectDescriptor"
18:14:30|ERROR: In unit "System" not found type "varmanager"
18:14:30|ERROR: In unit "System" not found type "TUnit"
18:14:30|ERROR: In unit "System" not found type "TSimpleUnit"
18:14:30|ERROR: In unit "System" not found type "pvardesk"
18:14:30|ERROR: In unit "System" not found type "PUserTypeDescriptor"
18:14:30|ERROR: In unit "System" not found type "PUserTypeDescriptor"
18:14:30|ERROR: In unit "System" not found type "PUserTypeDescriptor"
18:14:30|ERROR: In unit "System" not found type "TObjectUnit"
18:14:30|ERROR: In unit "System" not found type "PUserTypeDescriptor"
18:14:30|ERROR: In unit "System" not found type "PObjectDescriptor"
18:14:30|ERROR: In unit "System" not found type "GDBObjSubordinated"
18:14:30|ERROR: In unit "System" not found type "GDBObjGenericWithSubordinated"
18:14:30|ERROR: In unit "System" not found type "pvardesk"
18:14:30|ERROR: In unit "System" not found type "TDeviceClass"
18:14:30|ERROR: In unit "System" not found type "TExtAttrib"
18:14:30|ERROR: In unit "System" not found type "GDBObjEntity"
18:14:30|ERROR: In unit "System" not found type "GDBObjVisualProp"
18:14:30|ERROR: In unit "System" not found type "longint"
18:14:30|ERROR: In unit "System" not found type "longint"
18:14:30|ERROR: In unit "System" not found type "longint"
18:14:30|ERROR: In unit "System" not found type "longint"
18:14:30|ERROR: In unit "System" not found type "longint"
18:14:30|ERROR: In unit "System" not found type "os_record"
18:14:30|ERROR: In unit "System" not found type "os_record"
18:14:30|ERROR: In unit "System" not found type "os_record"
18:14:30|ERROR: In unit "System" not found type "Intercept3DProp"
18:14:30|ERROR: In unit "System" not found type "pos_record"
18:14:30|ERROR: In unit "System" not found type "GDBObj3DFace"
18:14:30|ERROR: In unit "System" not found type "GDBObjWithMatrix"
18:14:30|ERROR: In unit "System" not found type "GDBObj2dprop"
18:14:30|ERROR: In unit "System" not found type "GDBObjWithLocalCS"
18:14:30|ERROR: In unit "System" not found type "GDBObjPlainWithOX"
18:14:30|ERROR: In unit "System" not found type "GDBTextProp"
18:14:30|ERROR: In unit "System" not found type "GDBObjAbstractText"
18:14:30|ERROR: In unit "System" not found type "tarcrtmodify"
18:14:30|ERROR: In unit "System" not found type "GDBObjARC"
18:14:30|ERROR: In unit "System" not found type "tcirclertmodify"
18:14:30|ERROR: In unit "System" not found type "GDBObjCircle"
18:14:30|ERROR: In unit "System" not found type "TDrawingPreCalcData"
18:14:30|ERROR: In unit "System" not found type "GDBObjGenericSubEntry"
18:14:30|ERROR: In unit "System" not found type "GDBObjBlockdef"
18:14:30|ERROR: In unit "System" not found type "GDBObjBlockdefArray"
18:14:30|ERROR: In unit "System" not found type "BlockdefArray"
18:14:30|ERROR: In unit "System" not found type "pansichar"
18:14:30|ERROR: In unit "System" not found type "pansichar"
18:14:30|ERROR: In unit "System" not found type "GDBObjComplex"
18:14:30|ERROR: In unit "System" not found type "GDBObjBlockInsert"
18:14:30|ERROR: In unit "System" not found type "GDBObjDevice"
18:14:30|ERROR: In unit "System" not found type "GDBObjConnected"
18:14:30|ERROR: In unit "System" not found type "GDBObjNet"
18:14:30|ERROR: In unit "System" not found type "GDBObjLine"
18:14:30|ERROR: In unit "System" not found type "GDBObjLWpolyline"
18:14:30|ERROR: In unit "System" not found type "GDBObjText"
18:14:30|ERROR: In unit "System" not found type "GDBObjMText"
18:14:30|ERROR: In unit "System" not found type "GDBObjPoint"
18:14:30|ERROR: In unit "System" not found type "GDBObjCurve"
18:14:30|ERROR: In unit "System" not found type "popenarrayobjcontrolpoint_GDBWordwm"
18:14:30|ERROR: In unit "System" not found type "GDBObjPolyline"
18:14:30|ERROR: In unit "System" not found type "TNodeProp"
18:14:30|ERROR: In unit "System" not found type "GDBObjCable"
18:14:30|ERROR: In unit "System" not found type "GDBObjRoot"
18:14:30|ERROR: In unit "System" not found type "GDBObjCamera"
18:14:30|ERROR: In unit "System" not found type "TGDBTableItemFormat"
18:14:30|ERROR: In unit "System" not found type "GDBObjTable"
18:14:30|ERROR: In unit "System" not found type "GDBObjElLeader"
18:14:30|ERROR: In unit "System" not found type "GDBOpenArrayOfTObjLinkRecord"
18:14:30|ERROR: In unit "System" not found type "DbBaseObject"
18:14:30|ERROR: In unit "System" not found type "DeviceDbBaseObject"
18:14:30|ERROR: In unit "System" not found type "CommandObjectDef"
18:14:30|ERROR: In unit "System" not found type "pansichar"
18:14:30|ERROR: In unit "System" not found type "CommandRTEdObjectDef"
18:14:30|ERROR: In unit "System" not found type "pos_record"
18:14:30|ERROR: In unit "System" not found type "pos_record"
18:14:30|ERROR: In unit "System" not found type "pos_record"
18:14:30|ERROR: In unit "System" not found type "GDBcommandmanagerDef"
18:14:30|ERROR: In unit "System" not found type "pansichar"
18:14:30|ERROR: In unit "System" not found type "pos_record"
18:14:30|ERROR: In unit "System" not found type "CommandFastObjectPlugin"
18:14:30|ERROR: In unit "System" not found type "comfuncwithoper"
18:14:30|ERROR: In unit "System" not found type "pansichar"
18:14:30|ERROR: In unit "System" not found type "comfuncwithoper"
18:14:30|ERROR: In unit "System" not found type "CommandRTEdObject"
18:14:30|ERROR: In unit "System" not found type "CommandRTEdObjectPlugin"
18:14:30|ERROR: In unit "System" not found type "comfuncwithoper"
18:14:30|ERROR: In unit "System" not found type "comproc"
18:14:30|ERROR: In unit "System" not found type "commousefunc"
18:14:30|ERROR: In unit "System" not found type "comdrawfunc"
18:14:30|ERROR: In unit "System" not found type "TCopyObjectDesc"
18:14:30|ERROR: In unit "System" not found type "pansichar"
18:14:30|ERROR: In unit "System" not found type "pansichar"
18:14:30|ERROR: In unit "System" not found type "pansichar"
18:14:30|ERROR: In unit "System" not found type "pointer"
18:14:30|ERROR: In unit "System" not found type "traceprop"
18:14:30|ERROR: In unit "System" not found type "mousedesc"
18:14:30|ERROR: In unit "System" not found type "Selectiondesc"
18:14:30|ERROR: In unit "System" not found type "real"
18:14:30|ERROR: In unit "System" not found type "openarrayobjcontrolpoint_GDBWordwm"
18:14:30|ERROR: In unit "System" not found type "os_record"
18:14:30|ERROR: In unit "System" not found type "OGLWndtype"
18:14:30|ERROR: In unit "System" not found type "TUnitManager"
18:14:30|ERROR: In unit "System" not found type "pasparsemode"
18:14:30|ERROR: In unit "System" not found type "GDBNumItem"
18:14:30|ERROR: In unit "System" not found type "GDBNumerator"
18:14:30|ERROR: In unit "System" not found type "TAbstractDrawing"
18:14:30|ERROR: In unit "System" not found type "TDrawing"
18:14:30|ERROR: In unit "System" not found type "toglwnd"
18:14:30|ERROR: In unit "System" not found type "Integer"
18:14:30|ERROR: In unit "System" not found type "Integer"
18:14:30|ERROR: In unit "System" not found type "GDBDescriptor"
18:14:30|ERROR: In unit "System" not found type "TBasicFinter"
18:14:30|ERROR: In unit "System" not found type "TCableDesctiptor"
18:14:30|ERROR: In unit "System" not found type "TCableManager"
18:14:30|DWG_DrawMode:=0;
18:14:30|DWG_OSMode:=6119;
18:14:30|DWG_PolarMode:=1;
18:14:30|DWG_CLayer:=0;
18:14:30|DWG_CLinew:=-1;
18:14:30|DWG_SystmGeometryDraw:=False;
18:14:30|DWG_HelpGeometryDraw:=True;
18:14:30|DWG_MaxGrid:=99;
18:14:30|DWG_StepGrid:=0.0;
18:14:30|DWG_DrawGrid:=False;
18:14:30|DWG_EditInSubEntry:=False;
18:14:30|DWG_SelectedObjToInsp:=True;
18:14:30|DSGN_TraceAutoInc:=False;
18:14:30|VIEW_CommandLineVisible:=True;
18:14:30|VIEW_HistoryLineVisible:=True;
18:14:30|VIEW_ObjInspVisible:=True;
18:14:30|PMenuProjType:=nil;
18:14:30|PMenuCommandLine:=nil;
18:14:30|PMenuHistoryLine:=nil;
18:14:30|PMenuStatusPanel:=nil;
18:14:30|PMenuDebugObjInsp:=nil;
18:14:30|StatusPanelVisible:=False;
18:14:30|DISP_ZoomFactor:=1.624;
18:14:30|DISP_CursorSize:=6;
18:14:30|DISP_OSSize:=10.0;
18:14:30|DISP_DrawZAxis:=False;
18:14:30|DISP_ColorAxis:=False;
18:14:30|RD_PanObjectDegradation:=True;
18:14:30|RD_LineSmooth:=False;
18:14:30|RD_MaxLineWidth:=10.0;
18:14:30|RD_MaxPointSize:=63.375;
18:14:30|RD_Vendor:='NVIDIA Corporation';
18:14:31|RD_Renderer:='GeForce 9600 GT/PCI/SSE2/3DNOW!';
18:14:31|RD_Version:='3.2.0';
18:14:31|RD_MaxWidth:=10;
18:14:31|RD_BackGroundColor.r:=0;
18:14:31|RD_BackGroundColor.g:=0;
18:14:31|RD_BackGroundColor.b:=0;
18:14:31|RD_BackGroundColor.a:=255;
18:14:31|RD_Restore_Mode:=WND_Texture;
18:14:31|RD_LastRenderTime:=0;
18:14:31|SAVE_Auto_Interval:=300;
18:14:31|SAVE_Auto_Current_Interval:=274;
18:14:31|SAVE_Auto_FileName:='*autosave/autosave.dxf';
18:14:31|SAVE_Auto_On:=True;
18:14:31|SYS_RunTime:=26;
18:14:31|SYS_Version:='0.9.6.61';
18:14:31|SYS_ActiveMouse:=True;
18:14:31|SYS_SystmGeometryColor:=250;
18:14:31|SYS_IsHistoryLineCreated:=True;
18:14:31|PATH_Device_Library:='*programdb|c:/zcad/userdb';
18:14:31|PATH_Program_Run:='C:\zcad\CAD\';
18:14:31|PATH_Support_Path:='*rtl|*rtl/objdefunits|*rtl/objdefunits/include|*components|*blocks/el/general';
18:14:31|ShowHiddenFieldInObjInsp:=False;
18:14:31|testGDBBoolean:=False;
18:14:31|pi:=3.14159265359;
18:14:31|end
18:14:31|ERROR: In unit "cables" not found type "TCableType"
18:14:31|ERROR: In unit "cables" not found type "TCableLength"
18:14:31|ERROR: In unit "devices" not found type "TDeviceClass"
18:14:31|ERROR: In unit "devices" not found type "TDeviceGroup"
18:14:31|ERROR: In unit "devices" not found type "TDeviceType"
18:14:31|ERROR: In unit "devices" not found type "TVoltage"
18:14:31|ERROR: In unit "devices" not found type "TCalcIP"
18:14:31|ERROR: In unit "devices" not found type "TPhase"
18:14:31|ERROR: In unit "connectors" not found type "TConnectorType"
18:14:31|ERROR: In unit "connectors" not found type "TConnectorBorderType"
18:14:31|DBCounter:=0;
18:14:31|camera.initnul;
18:14:31|camera.fovy:=35.0;
18:14:31|camera.point.x:=0.0;
18:14:31|camera.point.y:=0.0;
18:14:31|camera.point.z:=-500.0;
18:14:31|camera.look.x:=0.0;
18:14:31|camera.look.y:=0.0;
18:14:31|camera.look.z:=-1.0;
18:14:31|camera.ydir.x:=0.0;
18:14:31|camera.ydir.y:=1.0;
18:14:31|camera.ydir.z:=0.0;
18:14:31|camera.xdir.x:=-1.0;
18:14:31|camera.xdir.y:=0.0;
18:14:31|camera.xdir.z:=0.0;
18:14:31|camera.anglx:=-3.14159265359;
18:14:31|camera.angly:=-1.570796326795;
18:14:31|camera.zmin:=1.0;
18:14:31|camera.zmax:=100000.0;
18:14:31|camera.fovy:=35.0;
18:14:31|DWGProps.Name:='Схема электрическая принципиальная';
18:14:31|DWGProps.Number:=100;
18:14:31|Developer:='Зубарев';
18:14:31|Plan_Scale:=0.1;
18:14:31|DBCounter:=0;
18:14:31|camera.initnul;
18:14:31|camera.fovy:=35.0;
18:14:31|camera.point.x:=0.0;
18:14:31|camera.point.y:=0.0;
18:14:31|camera.point.z:=-500.0;
18:14:31|camera.look.x:=0.0;
18:14:31|camera.look.y:=0.0;
18:14:31|camera.look.z:=-1.0;
18:14:31|camera.ydir.x:=0.0;
18:14:31|camera.ydir.y:=1.0;
18:14:31|camera.ydir.z:=0.0;
18:14:31|camera.xdir.x:=-1.0;
18:14:31|camera.xdir.y:=0.0;
18:14:31|camera.xdir.z:=0.0;
18:14:31|camera.anglx:=-3.14159265359;
18:14:31|camera.angly:=-1.570796326795;
18:14:31|camera.zmin:=1.0;
18:14:31|camera.zmax:=100000.0;
18:14:31|camera.fovy:=35.0;
18:14:31|DWGProps.Name:='Схема электрическая принципиальная';
18:14:31|DWGProps.Number:=100;
18:14:31|Developer:='Зубарев';
18:14:31|_cables:='Кабели_';
18:14:31|_cables_sv:='Кабели_связь';
18:14:31|_detsmokesl:='Извещатели_пожарные_дымовые_шлейфовые_';
18:14:31|_dethandsl:='Извещатели_пожарные_ручные_шлейфовые_';
18:14:31|_ppkop:='Приборы_ОПС_';
18:14:31|_puop:='Приборы_ОПС_ПУ_оповещение';
18:14:31|_ibpops:='Приборы_ОПС_ibp';
18:14:31|_am:='Приборы_ОПС_СОУЭ_оповещатели_речевые';
18:14:31|_EQ_ARGUS_AM1.initnul;
18:14:31|_EQ_ARGUS_AM1.Category:=_ppkop;
18:14:31|_EQ_ARGUS_AM1.Group:=_am;
18:14:31|_EQ_ARGUS_AM1.EdIzm:=_sht;
18:14:31|_EQ_ARGUS_AM1.ID:='Аргус-Спектр AM1';
18:14:31|_EQ_ARGUS_AM1.Standard:='СПНК3.555.004';
18:14:31|_EQ_ARGUS_AM1.OKP:='43 7191';
18:14:31|_EQ_ARGUS_AM1.Manufacturer:='ЗАО "Аргус-Спектр" г.Санкт-Петербург';
18:14:31|_EQ_ARGUS_AM1.NameShort:='АМ1';
18:14:31|_EQ_ARGUS_AM1.Name:='Акустический модуль АМ1';
18:14:31|_EQ_ARGUS_AM1.NameFull:='Акустический модуль АМ1, исполнение 1';
18:14:31|_EQ_ARGUS_AM1.Description:='Система речевого оповещения пожарная "Орфей" предназначена для трансляции речевой информации о действиях, направленных на обеспечение безопасности при возникновении пожара и других чрезвычайных ситуаций в составе систем оповещения третьего, четвертого или пятого типов по НПБ 77-98 и НПБ 104-03';
18:14:31|_EQ_ARGUS_AM1.TreeCoord:='BP_Аргус-Спектр_Оповещатели_Речевые_АМ1|BC_Оборудование ОПС_Оповещатели_Речевые_АМ1(Аргус-Спектр)';
18:14:31|end
18:14:31|_EQ_ARGUS_BRO.initnul;
18:14:31|_EQ_ARGUS_BRO.Category:=_ppkop;
18:14:31|_EQ_ARGUS_BRO.Group:=_puop;
18:14:31|_EQ_ARGUS_BRO.EdIzm:=_sht;
18:14:31|_EQ_ARGUS_BRO.ID:='Аргус-Спектр БРО';
18:14:31|_EQ_ARGUS_BRO.Standard:='СПНК.425541.001';
18:14:31|_EQ_ARGUS_BRO.OKP:='43 7191';
18:14:31|_EQ_ARGUS_BRO.Manufacturer:='ЗАО "Аргус-Спектр" г.Санкт-Петербург';
18:14:31|_EQ_ARGUS_BRO.NameShort:='БРО';
18:14:31|_EQ_ARGUS_BRO.Name:='Блок речевого оповещения "БРО"';
18:14:31|_EQ_ARGUS_BRO.NameFull:='Блок речевого оповещения "БРО"';
18:14:31|_EQ_ARGUS_BRO.Description:='Система речевого оповещения пожарная "Орфей" предназначена для трансляции речевой информации о действиях, направленных на обеспечение безопасности при возникновении пожара и других чрезвычайных ситуаций в составе систем оповещения третьего, четвертого или пятого типов по НПБ 77-98 и НПБ 104-03';
18:14:31|_EQ_ARGUS_BRO.TreeCoord:='BP_Аргус-Спектр_Приборы управления_БРО|BC_Оборудование ОПС_Приборы управления_БРО(Аргус-Спектр)';
18:14:31|end
18:14:31|_EQ_SCAT_1200D.initnul;
18:14:31|_EQ_SCAT_1200D.Category:=_ppkop;
18:14:31|_EQ_SCAT_1200D.Group:=_ibpops;
18:14:31|_EQ_SCAT_1200D.EdIzm:=_sht;
18:14:31|_EQ_SCAT_1200D.ID:='Бастион СКАТ-1200 исп.2';
18:14:31|_EQ_SCAT_1200D.Standard:='ФИАШ.436234.023 ТУ';
18:14:31|_EQ_SCAT_1200D.OKP:='43 7291';
18:14:31|_EQ_SCAT_1200D.Manufacturer:='ПО "Бастион" г.Ростов-на-Дону';
18:14:31|_EQ_SCAT_1200D.NameShort:='СКАТ-1200 исп.2';
18:14:31|_EQ_SCAT_1200D.Name:='Источник вторичного питания "СКАТ-1200 исп.2"';
18:14:31|_EQ_SCAT_1200D.NameFull:='Источник вторичного питания резервированный "СКАТ-1200 исп.2"';
18:14:31|_EQ_SCAT_1200D.Description:='Источник представляет собой стабилизированный источник питания, размещенный в металлическом корпусе.';
18:14:31|_EQ_SCAT_1200D.TreeCoord:='BP_БАСТИОН_ИБП_СКАТ-1200 исп.2|BC_Оборудование ОПС_ИБП_СКАТ-1200 исп.2(БАСТИОН)';
18:14:31|end
18:14:31|_EQ_C2000_4.initnul;
18:14:31|_EQ_C2000_4.Category:=_ppkop;
18:14:31|_EQ_C2000_4.Group:=_ppkop;
18:14:31|_EQ_C2000_4.EdIzm:=_sht;
18:14:31|_EQ_C2000_4.ID:='Болид С2000-4';
18:14:31|_EQ_C2000_4.Standard:='АЦДР.425513.008 РЭ';
18:14:31|_EQ_C2000_4.OKP:='43 7291';
18:14:31|_EQ_C2000_4.Manufacturer:='НВП "Болид" г.Королев';
18:14:31|_EQ_C2000_4.NameShort:='С2000-4';
18:14:31|_EQ_C2000_4.Name:='Прибор приемно-контрольный "С2000-4"';
18:14:31|_EQ_C2000_4.NameFull:='Прибор приемно-контрольный охранно-пожарный ППКОП 0104065-4-1 "С2000-4"';
18:14:31|_EQ_C2000_4.Description:='Прибор приемно-контрольный охранно-пожарный ППКОП 0104065-4-1 "С2000-4" предназначен для централизованной и автономной охраны магазинов, касс, банков, аптек, учреждений и других объектов от несанкционированных проникновений и пожаров путем контроля состояния четырех шлейфов сигнализации (ШС) с включенными в них охранными, пожарными или охранно-пожарными извещателями, управления на объекте внутренними и внешними звуковыми и световыми оповещателями, сигнализаторами и индикаторами, и выдачи тревожных извещений о нарушении ШС на пульт контроля и управления "С2000" (ПКУ) или компьютер по интерфейсу RS-485 и на пульт централизованного наблюдения (ПЦН) через два релейных выхода';
18:14:31|_EQ_C2000_4.TreeCoord:='BP_БОЛИД_ППК_С2000-4|BC_Оборудование ОПС_ППК_С2000-4(БОЛИД)';
18:14:31|_EQ_SIGNAL20P_ISP1.initnul;
18:14:31|_EQ_SIGNAL20P_ISP1.Category:=_ppkop;
18:14:31|_EQ_SIGNAL20P_ISP1.Group:=_ppkop;
18:14:31|_EQ_SIGNAL20P_ISP1.EdIzm:=_sht;
18:14:31|_EQ_SIGNAL20P_ISP1.ID:='Болид Сигнал 20П исп.1';
18:14:31|_EQ_SIGNAL20P_ISP1.Standard:='АЦДР.425533.001 РЭ';
18:14:31|_EQ_SIGNAL20P_ISP1.OKP:='43 7241';
18:14:31|_EQ_SIGNAL20P_ISP1.Manufacturer:='НВП "Болид" г.Королев';
18:14:31|_EQ_SIGNAL20P_ISP1.NameShort:='Сигнал 20П исп.1';
18:14:31|_EQ_SIGNAL20P_ISP1.Name:='Прибор приемно-контрольный "Сигнал 20П исп.1"';
18:14:31|_EQ_SIGNAL20P_ISP1.NameFull:='Прибор приемно-контрольный охранно-пожарный ППКОП 01121-20-1 "Сигнал 20П исп.1"';
18:14:31|_EQ_SIGNAL20P_ISP1.Description:='';
18:14:31|_EQ_SIGNAL20P_ISP1.TreeCoord:='BP_БОЛИД_ППК_Сигнал 20П исп.1|BC_Оборудование ОПС_ППК_Сигнал 20П исп.1(БОЛИД)';
18:14:31|_EQ_C2000.initnul;
18:14:31|_EQ_C2000.Category:=_ppkop;
18:14:31|_EQ_C2000.Group:=_ppkop;
18:14:31|_EQ_C2000.EdIzm:=_sht;
18:14:31|_EQ_C2000.ID:='Болид С2000';
18:14:31|_EQ_C2000.Standard:='АЦДР.426469.005 РЭ';
18:14:31|_EQ_C2000.OKP:='43 7242';
18:14:31|_EQ_C2000.Manufacturer:='НВП "Болид" г.Королев';
18:14:31|_EQ_C2000.NameShort:='С2000';
18:14:31|_EQ_C2000.Name:='Пульт контроля и управления "С2000"';
18:14:31|_EQ_C2000.NameFull:='Пульт контроля и управления охранно-пожарный "С2000"';
18:14:31|_EQ_C2000.Description:='Пульт контроля и управления охранно-пожарный "С2000" предназначен для работы в составе системы охранно-пожарной сигнализации для контроля состояния и сбора информации с приборов системы, ведения протокола возникающих в системе событий, индикации тревог, управления постановкой на охрану, снятием с охраны, управления автоматикой. Пульт объединяет подключенные к нему приборы в одну систему, обеспечивая их взаимодействие между собой. Он необходим для использования приборов, не предназначенных для автономной работы: "Сигнал-20П", "С2000-КДЛ", "С2000-СП1", "С2000-БИ", "С2000-К", "С2000-ИТ"';
18:14:31|_EQ_C2000.TreeCoord:='BP_БОЛИД_ППК_С2000|BC_Оборудование ОПС_Пульты_С2000(БОЛИД)';
18:14:31|end
18:14:31|_EQ_C2000_KPB.initnul;
18:14:31|_EQ_C2000_KPB.Category:=_ppkop;
18:14:31|_EQ_C2000_KPB.Group:=_puop;
18:14:31|_EQ_C2000_KPB.EdIzm:=_sht;
18:14:31|_EQ_C2000_KPB.ID:='Болид С2000-КПБ';
18:14:31|_EQ_C2000_KPB.Standard:='АЦДР.425412.003 ЭТ';
18:14:31|_EQ_C2000_KPB.OKP:='';
18:14:31|_EQ_C2000_KPB.Manufacturer:='НВП "Болид" г.Королев';
18:14:31|_EQ_C2000_KPB.NameShort:='С2000-КПБ';
18:14:31|_EQ_C2000_KPB.Name:='Блок контрольно-пусковой "С2000-КПБ"';
18:14:31|_EQ_C2000_KPB.NameFull:='Блок контрольно-пусковой "С2000-КПБ"';
18:14:31|_EQ_C2000_KPB.Description:='Блок контрольно-пусковой "С2000-КПБ" предназначен для работы в составе систем охранно-пожарной сигнализации, управления пожаротушением, контроля доступа и видеоконтроля совместно с пультами контроля и управления "С2000" или "С2000М", прибором приемно-контрольным и управления автоматическими средствами пожаротушения и оповещателями "С2000-АСПТ" или персональным компьютером. Блок предназначен для управления исполнительными устройствами (лампами, сиренами, видеокамерами, автоматическими установками газового, порошкового и аэрозольного пожаротушения (АУП), электромагнитными замками и т.д.)';
18:14:31|_EQ_C2000_KPB.TreeCoord:='BP_БОЛИД_Приборы управления_С2000-КПБ|BC_Оборудование ОПС_Приборы управления_С2000-КПБ(БОЛИД)';
18:14:31|_EQ_IRSET_IPR_3SU.initnul;
18:14:31|_EQ_IRSET_IPR_3SU.Category:=_detsmokesl;
18:14:31|_EQ_IRSET_IPR_3SU.Group:=_dethandsl;
18:14:31|_EQ_IRSET_IPR_3SU.EdIzm:=_sht;
18:14:31|_EQ_IRSET_IPR_3SU.ID:='ИРСЭТ ИПР-3СУ';
18:14:31|_EQ_IRSET_IPR_3SU.Standard:='ЦФСК.425232.001 ТУ';
18:14:31|_EQ_IRSET_IPR_3SU.OKP:='43 7111';
18:14:31|_EQ_IRSET_IPR_3SU.Manufacturer:='ЗАО "ИФ ИРСЭТ-Центр" г.Санкт-Петербург';
18:14:31|_EQ_IRSET_IPR_3SU.NameShort:='ИПР-3СУ';
18:14:31|_EQ_IRSET_IPR_3SU.Name:='Извещатель пожарный ручной "ИПР-3СУ"';
18:14:31|_EQ_IRSET_IPR_3SU.NameFull:='Извещатель пожарный ручной "ИПР-3СУ"';
18:14:31|_EQ_IRSET_IPR_3SU.Description:='Предназначен для ручного включения сигнала тревоги в системах пожарной и охранно-пожарной сигнализации. Извещатель используется для круглосуточной непрерывной работы с приборами приемно-контрольными (в дальнейшем - ППК) типа ППК-2, ППС-3, "Радуга", "Сигнал-20" и другими. Извещатель осуществляет прием и отображение обратного сигнала (квитирование), при работе с ППК (например, ППК-2 или ППС-3)';
18:14:31|_EQ_IRSET_IPR_3SU.TreeCoord:='BP_ИРСЭТ-Центр_Извещатели_Ручные_ИПР-3СУ|BC_Оборудование ОПС_Извещатели_Ручные_ИПР-3СУ(ИРСЭТ)';
18:14:31|end
18:14:31|_EQ_rp_21.initnul;
18:14:31|_EQ_rp_21.Category:=_elapp;
18:14:31|_EQ_rp_21.EdIzm:=_sht;
18:14:31|_EQ_rp_21.Standard:='ТУ16-523.593-80';
18:14:31|_EQ_rp_21.OKP:='34 2511';
18:14:31|_EQ_rp_21.Manufacturer:='МПО"Электротехника" г.Москва';
18:14:31|_EQ_rp_21.NameTemplate:='РП21-%%[kont]-%%[klimat] %%[iznos]';
18:14:31|_EQ_rp_21.NameShort:='Реле промежуточное РП21';
18:14:31|_EQ_rp_21.UIDTemplate:='rele_rp21_%%[kont*]_%%[rez]_%%[volt]';
18:14:31|_EQ_rp_21.NameFullTemplate:='Реле промежуточное, напряжение питания %%[volt], колличество контактов %%[kont]';
18:14:31|_EQ_rp_21.Pins:='A,B,11,12,14,21,22,24,31,32,34,41,42,44';
18:14:31|_EQ_rp_21.volt:=_AC_220V_50Hz;
18:14:31|_EQ_rp_21.format;
18:14:31|end
18:14:31|_EQ_RUBIP_212_41M.initnul;
18:14:31|_EQ_RUBIP_212_41M.Category:=_detsmokesl;
18:14:31|_EQ_RUBIP_212_41M.Group:=_detsmokesl;
18:14:31|_EQ_RUBIP_212_41M.EdIzm:=_sht;
18:14:31|_EQ_RUBIP_212_41M.ID:='Рубеж ИП 212-41М';
18:14:31|_EQ_RUBIP_212_41M.Standard:='ТУ 4371-005-12215496-00';
18:14:31|_EQ_RUBIP_212_41M.OKP:='43 7113';
18:14:31|_EQ_RUBIP_212_41M.Manufacturer:='ГК "Рубеж" г.Саратов';
18:14:31|_EQ_RUBIP_212_41M.NameShort:='ИП 212-41М';
18:14:31|_EQ_RUBIP_212_41M.Name:='Извещатель дымовой "ИП 212-41М"';
18:14:31|_EQ_RUBIP_212_41M.NameFull:='Извещатель пожарный дымовой оптико-электронный "ИП 212-41М"';
18:14:31|_EQ_RUBIP_212_41M.Description:='Извещатель пожарный дымовой оптико-электронный ИП 212-41М предназначен для обнаружения загораний, сопровождающихся появлением дыма малой концентрации в закрытых помещениях различных зданий и сооружений';
18:14:31|_EQ_RUBIP_212_41M.TreeCoord:='BP_РУБЕЖ_Извещатели_Дымовые_ИП 212-41М|BC_Оборудование ОПС_Извещатели_Дымовые_ИП 212-41М(РУБЕЖ)';
18:14:31|end
18:14:31|_EQ_SARCABLETPPep.initnul;
18:14:31|_EQ_SARCABLETPPep.Category:=_kables;
18:14:31|_EQ_SARCABLETPPep.Group:=_cables_sv;
18:14:31|_EQ_SARCABLETPPep.EdIzm:=_m;
18:14:31|_EQ_SARCABLETPPep.ID:='SARCABLETPPep';
18:14:31|_EQ_SARCABLETPPep.Standard:='ГОСТ Р 51311-99';
18:14:31|_EQ_SARCABLETPPep.OKP:='35 7200';
18:14:31|_EQ_SARCABLETPPep.Manufacturer:='ОАО "Завод Сарансккабель" г.Саранск';
18:14:31|_EQ_SARCABLETPPep.Description:='Кабели предназначены для монтажа низкочастотного оборудования телефонных станций при постоянном напряжении до 120 В и эксплуатации при температуре окружающей среды от -10 C° до +50 С° и относительной влажности до 80%.';
18:14:31|_EQ_SARCABLETPPep.NameShortTemplate:='ТППэп-%%[Wire_Count_Section_DESC]';
18:14:31|_EQ_SARCABLETPPep.NameTemplate:='Кабель телефонный ТППэп-%%[Wire_Count_Section_DESC]';
18:14:31|_EQ_SARCABLETPPep.UIDTemplate:='%%[ID]-%%[Wire_Count_Section_DESC]';
18:14:31|_EQ_SARCABLETPPep.NameFullTemplate:='Кабель телефонный с полиэтиленовой изоляцией в пластмассовой изоляции, сечением %%[Wire_Count_Section_DESC]';
18:14:31|_EQ_SARCABLETPPep.Wire_Count_Section_DESC:=_0020_2_050;
18:14:31|_EQ_SARCABLETPPep.TreeCoord:='BP_САРАНСККАБЕЛЬ_Кабели связи_ТППэп|BC_Кабельная продукция_Связи_ТППэп(САРАНСККАБЕЛЬ)';
18:14:31|_EQ_SARCABLETPPep.format;
18:14:31|end
18:14:31|_EQ_SEVCABLEkvvg.initnul;
18:14:31|_EQ_SEVCABLEkvvg.Category:=_kables;
18:14:31|_EQ_SEVCABLEkvvg.Group:=_cables;
18:14:31|_EQ_SEVCABLEkvvg.EdIzm:=_m;
18:14:31|_EQ_SEVCABLEkvvg.ID:='SEVCABLEkvvg';
18:14:31|_EQ_SEVCABLEkvvg.Standard:='ГОСТ 1508-78, ГОСТ 26411-85';
18:14:31|_EQ_SEVCABLEkvvg.OKP:='';
18:14:31|_EQ_SEVCABLEkvvg.Manufacturer:='ОАО "СЕВКАБЕЛЬ-ХОЛДИНГ" г.Санкт-Петербург';
18:14:31|_EQ_SEVCABLEkvvg.Description:='Кабели контрольные с ПВХ-изоляцией. Для неподвижного присоединения к электрическим приборам, аппаратам, сборкам зажимов распределительных устойств с номинальным переменным напряжением до 0,66 кВ,частотой до 100 Гц или постоянным напряжением до 1 кВ';
18:14:31|_EQ_SEVCABLEkvvg.NameShortTemplate:='КВВГ-%%[Wire_Count_Section_DESC]';
18:14:31|_EQ_SEVCABLEkvvg.NameTemplate:='Кабель контрольный КВВГ-%%[Wire_Count_Section_DESC]';
18:14:31|_EQ_SEVCABLEkvvg.UIDTemplate:='%%[ID]-%%[Wire_Count_Section_DESC]';
18:14:31|_EQ_SEVCABLEkvvg.NameFullTemplate:='Кабель контрольный с медными жилами с изоляцией и оболочкой из поливинилхлоридного пластиката, сечением %%[Wire_Count_Section_DESC]';
18:14:31|_EQ_SEVCABLEkvvg.Wire_Count_Section_DESC:=_04_1_50;
18:14:31|_EQ_SEVCABLEkvvg.TreeCoord:='BP_СЕВКАБЕЛЬ-ХОЛДИНГ_контрольные_КВВГ|BC_Кабельная продукция_контрольные_КВВГ(СЕВКАБЕЛЬ)';
18:14:31|_EQ_SEVCABLEkvvg.format;
18:14:31|_EQ_SEVCABLEkvvgE.initnul;
18:14:31|_EQ_SEVCABLEkvvgE.Category:=_kables;
18:14:31|_EQ_SEVCABLEkvvgE.Group:=_cables;
18:14:31|_EQ_SEVCABLEkvvgE.EdIzm:=_m;
18:14:31|_EQ_SEVCABLEkvvgE.ID:='SEVCABLEkvvgЕ';
18:14:31|_EQ_SEVCABLEkvvgE.Standard:='ГОСТ 1508-78, ГОСТ 26411-85';
18:14:31|_EQ_SEVCABLEkvvgE.OKP:='';
18:14:31|_EQ_SEVCABLEkvvgE.Manufacturer:='ОАО "СЕВКАБЕЛЬ-ХОЛДИНГ" г.Санкт-Петербург';
18:14:31|_EQ_SEVCABLEkvvgE.Description:='Кабели контрольные с ПВХ-изоляцией, экранированный. Для неподвижного присоединения к электрическим приборам, аппаратам, сборкам зажимов распределительных устойств с номинальным переменным напряжением до 0,66 кВ,частотой до 100 Гц или постоянным напряжением до 1 кВ';
18:14:31|_EQ_SEVCABLEkvvgE.NameShortTemplate:='КВВГЭ-%%[Wire_Count_Section_DESC]';
18:14:31|_EQ_SEVCABLEkvvgE.NameTemplate:='Кабель контрольный КВВГ-%%[Wire_Count_Section_DESC]';
18:14:31|_EQ_SEVCABLEkvvgE.UIDTemplate:='%%[ID]-%%[Wire_Count_Section_DESC]';
18:14:31|_EQ_SEVCABLEkvvgE.NameFullTemplate:='Кабель контрольный с медными жилами с изоляцией и оболочкой из поливинилхлоридного пластиката, сечением %%[Wire_Count_Section_DESC], экранированный';
18:14:31|_EQ_SEVCABLEkvvgE.Wire_Count_Section_DESC:=_04_1_50;
18:14:31|_EQ_SEVCABLEkvvgE.TreeCoord:='BP_СЕВКАБЕЛЬ-ХОЛДИНГ_контрольные_КВВГЭ|BC_Кабельная продукция_контрольные_КВВГЭ(СЕВКАБЕЛЬ)';
18:14:31|_EQ_SEVCABLEkvvgE.format;
18:14:31|_EQ_SEVCABLEkvvgng.initnul;
18:14:31|_EQ_SEVCABLEkvvgng.Category:=_kables;
18:14:31|_EQ_SEVCABLEkvvgng.Group:=_cables;
18:14:31|_EQ_SEVCABLEkvvgng.EdIzm:=_m;
18:14:31|_EQ_SEVCABLEkvvgng.ID:='SEVCABLEkvvgng';
18:14:31|_EQ_SEVCABLEkvvgng.Standard:='ТУ 3500-018-05755714-2003';
18:14:31|_EQ_SEVCABLEkvvgng.OKP:='';
18:14:31|_EQ_SEVCABLEkvvgng.Manufacturer:='ОАО "СЕВКАБЕЛЬ-ХОЛДИНГ" г.Санкт-Петербург';
18:14:31|_EQ_SEVCABLEkvvgng.Description:='Кабели контрольные с ПВХ-изоляцией, не распространяющие горение';
18:14:31|_EQ_SEVCABLEkvvgng.NameShortTemplate:='КВВГнг-%%[Wire_Count_Section_DESC]';
18:14:31|_EQ_SEVCABLEkvvgng.NameTemplate:='Кабель контрольный КВВГнг-%%[Wire_Count_Section_DESC]';
18:14:31|_EQ_SEVCABLEkvvgng.UIDTemplate:='%%[ID]-%%[Wire_Count_Section_DESC]';
18:14:31|_EQ_SEVCABLEkvvgng.NameFullTemplate:='Кабель контрольный с медными жилами с изоляцией и оболочкой из поливинилхлоридного пластиката, не распространяющий горение, сечением %%[Wire_Count_Section_DESC]';
18:14:31|_EQ_SEVCABLEkvvgng.Wire_Count_Section_DESC:=_04_1_50;
18:14:31|_EQ_SEVCABLEkvvgng.TreeCoord:='BP_СЕВКАБЕЛЬ-ХОЛДИНГ_контрольные_КВВГнг|BC_Кабельная продукция_контрольные_КВВГнг(СЕВКАБЕЛЬ)';
18:14:31|_EQ_SEVCABLEkvvgng.format;
18:14:31|end
18:14:31|_EQ_SEVCABLEVVG.initnul;
18:14:31|_EQ_SEVCABLEVVGngLS.initnul;
18:14:31|_EQ_SEVCABLEVVG.Category:=_kables;
18:14:31|_EQ_SEVCABLEVVG.Group:=_cables;
18:14:31|_EQ_SEVCABLEVVG.EdIzm:=_m;
18:14:31|_EQ_SEVCABLEVVG.ID:='SEVCABLEVVG';
18:14:31|_EQ_SEVCABLEVVG.Standard:='ГОСТ 16442-80, ТУ16.К71.322-2002';
18:14:31|_EQ_SEVCABLEVVG.OKP:='35 2122';
18:14:31|_EQ_SEVCABLEVVG.Manufacturer:='ОАО "СЕВКАБЕЛЬ-ХОЛДИНГ" г.Санкт-Петербург';
18:14:31|_EQ_SEVCABLEVVG.Description:='Кабель ввг предназначается для передачи и распределения электроэнергии в стационарных установках на номинальное переменное напряжение 660 В и 1000 В частоты 50 Гц. А также Для прокладки в сухих и влажных производственных помещениях, на специальных кабельных эстакадах, в блоках, а также для прокладки на открытом воздухе. Кабели не рекомендуются для прокладки в земле (траншеях).';
18:14:31|_EQ_SEVCABLEVVG.NameShortTemplate:='ВВГ-%%[Wire_Count_Section_DESC]';
18:14:31|_EQ_SEVCABLEVVG.NameTemplate:='Кабель силовой ВВГ-%%[Wire_Count_Section_DESC]';
18:14:31|_EQ_SEVCABLEVVG.UIDTemplate:='%%[ID]-%%[Wire_Count_Section_DESC]';
18:14:31|_EQ_SEVCABLEVVG.NameFullTemplate:='Кабель силовой с изоляцией и оболочкой из поливинилхлоридного пластиката без защитного покрова, сечением %%[Wire_Count_Section_DESC]';
18:14:31|_EQ_SEVCABLEVVG.Wire_Count_Section_DESC:=_01_1_50;
18:14:31|_EQ_SEVCABLEVVG.TreeCoord:='BP_СЕВКАБЕЛЬ-ХОЛДИНГ_Силовые_ВВГ|BC_Кабельная продукция_Силовыее_ВВГ(СЕВКАБЕЛЬ)';
18:14:31|_EQ_SEVCABLEVVG.format;
18:14:31|_EQ_SEVCABLEVVGngLS.Category:=_kables;
18:14:31|_EQ_SEVCABLEVVGngLS.EdIzm:=_m;
18:14:31|_EQ_SEVCABLEVVGngLS.ID:='SEVCABLEVVGngLS';
18:14:31|_EQ_SEVCABLEVVGngLS.Standard:='ТУ 16.К71-310-2001';
18:14:31|_EQ_SEVCABLEVVGngLS.OKP:='35 2122';
18:14:31|_EQ_SEVCABLEVVGngLS.Manufacturer:='ОАО "СЕВКАБЕЛЬ-ХОЛДИНГ" г.Санкт-Петербург';
18:14:31|_EQ_SEVCABLEVVGngLS.Description:='Кабели контрольные с ПВХ-изоляцией, не распространяющие горение';
18:14:31|_EQ_SEVCABLEVVGngLS.NameShortTemplate:='ВВГнг-LS-%%[Wire_Count_Section_DESC]';
18:14:31|_EQ_SEVCABLEVVGngLS.NameTemplate:='Кабель силовой ВВГнг-LS-%%[Wire_Count_Section_DESC]';
18:14:31|_EQ_SEVCABLEVVGngLS.UIDTemplate:='%%[ID]-%%[Wire_Count_Section_DESC]';
18:14:31|_EQ_SEVCABLEVVGngLS.NameFullTemplate:='Кабель силовой с пластмассовой изоляцией, не распространяющий горение, с низким дымо- и газовыделением на напряжение до 1 кВ (нг-LS), сечением %%[Wire_Count_Section_DESC]';
18:14:31|_EQ_SEVCABLEVVGngLS.Wire_Count_Section_DESC:=_01_1_50;
18:14:31|_EQ_SEVCABLEVVGngLS.TreeCoord:='BP_СЕВКАБЕЛЬ-ХОЛДИНГ_Силовые_ВВГнг-LS|BC_Кабельная продукция_Силовыее_ВВГнг-LS(СЕВКАБЕЛЬ)';
18:14:31|_EQ_SEVCABLEVVGngLS.format;
18:14:31|end
18:14:31|_EQ_SPECCABLE_KPSVV_ng_LS.initnul;
18:14:31|_EQ_SPECCABLE_KPSVV_ng_LS.Category:=_kables;
18:14:31|_EQ_SPECCABLE_KPSVV_ng_LS.Group:=_cables_sv;
18:14:31|_EQ_SPECCABLE_KPSVV_ng_LS.EdIzm:=_m;
18:14:31|_EQ_SPECCABLE_KPSVV_ng_LS.ID:='SPECCABLE_KPSVV_ng_LS';
18:14:31|_EQ_SPECCABLE_KPSVV_ng_LS.Standard:='ТУ 16.К99-002-2003';
18:14:31|_EQ_SPECCABLE_KPSVV_ng_LS.OKP:='35 8100';
18:14:31|_EQ_SPECCABLE_KPSVV_ng_LS.Manufacturer:='НПП "Спецкабель" г.Москва';
18:14:31|_EQ_SPECCABLE_KPSVV_ng_LS.Description:='Кабель предназначен для одиночной и пучковой прокладки в современных системах пожарной сигнализации, системах контроля доступа, а также для других систем управления, контроля и связи. Эксплуатируется внутри и вне помещений, при условии защиты от прямого воздействия солнечного излучения и атмосферных осадков.';
18:14:31|_EQ_SPECCABLE_KPSVV_ng_LS.NameShortTemplate:='КПСВВнг-LS %%[Wire_Count_Section_DESC]';
18:14:31|_EQ_SPECCABLE_KPSVV_ng_LS.NameTemplate:='Кабель для систем пожарной и охранной сигнализации КПСВВнг-LS %%[Wire_Count_Section_DESC]';
18:14:31|_EQ_SPECCABLE_KPSVV_ng_LS.UIDTemplate:='%%[ID]-%%[Wire_Count_Section_DESC]';
18:14:31|_EQ_SPECCABLE_KPSVV_ng_LS.NameFullTemplate:='Кабель для систем пожарной и охранной сигнализации пучковой прокладки, сечением %%[Wire_Count_Section_DESC]';
18:14:31|_EQ_SPECCABLE_KPSVV_ng_LS.Wire_Count_Section_DESC:=_1_2_0_5;
18:14:31|_EQ_SPECCABLE_KPSVV_ng_LS.TreeCoord:='BP_СПЕЦКАБЕЛЬ_Для ОПС_КПСВВнг-LS|BC_Кабельная продукция_Связи_КПСВВнг-LS(СПЕЦКАБЕЛЬ)';
18:14:31|_EQ_SPECCABLE_KPSVV_ng_LS.format;
18:14:31|_EQ_SPECCABLE_KPSVV.initnul;
18:14:31|_EQ_SPECCABLE_KPSVV.Category:=_kables;
18:14:31|_EQ_SPECCABLE_KPSVV.Group:=_cables_sv;
18:14:31|_EQ_SPECCABLE_KPSVV.EdIzm:=_m;
18:14:31|_EQ_SPECCABLE_KPSVV.ID:='SPECCABLE_KPSVV';
18:14:31|_EQ_SPECCABLE_KPSVV.Standard:='ТУ 16.К99-002-2003';
18:14:31|_EQ_SPECCABLE_KPSVV.OKP:='35 8100';
18:14:31|_EQ_SPECCABLE_KPSVV.Manufacturer:='НПП "Спецкабель" г.Москва';
18:14:31|_EQ_SPECCABLE_KPSVV.Description:='Кабель предназначен для одиночной и пучковой прокладки в современных системах пожарной сигнализации, системах контроля доступа, а также для других систем управления, контроля и связи. Эксплуатируется внутри и вне помещений, при условии защиты от прямого воздействия солнечного излучения и атмосферных осадков.';
18:14:31|_EQ_SPECCABLE_KPSVV.NameShortTemplate:='КПСВВ %%[Wire_Count_Section_DESC]';
18:14:31|_EQ_SPECCABLE_KPSVV.NameTemplate:='Кабель для систем пожарной и охранной сигнализации КПСВВ %%[Wire_Count_Section_DESC]';
18:14:31|_EQ_SPECCABLE_KPSVV.UIDTemplate:='%%[ID]-%%[Wire_Count_Section_DESC]';
18:14:31|_EQ_SPECCABLE_KPSVV.NameFullTemplate:='Кабель для систем пожарной и охранной сигнализации одиночной прокладки, сечением %%[Wire_Count_Section_DESC]';
18:14:31|_EQ_SPECCABLE_KPSVV.Wire_Count_Section_DESC:=_1_2_0_5;
18:14:31|_EQ_SPECCABLE_KPSVV.TreeCoord:='BP_СПЕЦКАБЕЛЬ_Для ОПС_КПСВВ|BC_Кабельная продукция_Связи_КПСВВ(СПЕЦКАБЕЛЬ)';
18:14:31|_EQ_SPECCABLE_KPSVV.format;
18:14:31|_EQ_SPECCABLE_KPSE_ng_FRLS.initnul;
18:14:31|_EQ_SPECCABLE_KPSE_ng_FRLS.Category:=_kables;
18:14:31|_EQ_SPECCABLE_KPSE_ng_FRLS.Group:=_cables_sv;
18:14:31|_EQ_SPECCABLE_KPSE_ng_FRLS.EdIzm:=_m;
18:14:31|_EQ_SPECCABLE_KPSE_ng_FRLS.ID:='SPECCABLE_KPSE_ng_FRLS';
18:14:31|_EQ_SPECCABLE_KPSE_ng_FRLS.Standard:='ТУ 16.К99-036-2007';
18:14:31|_EQ_SPECCABLE_KPSE_ng_FRLS.OKP:='35 8117';
18:14:31|_EQ_SPECCABLE_KPSE_ng_FRLS.Manufacturer:='НПП "Спецкабель" г.Москва';
18:14:31|_EQ_SPECCABLE_KPSE_ng_FRLS.Description:='Кабели симметричные парной скрутки огнестойкие предназначены для групповой стационарной прокладки в современных системах охранно-пожарной сигнализации и СОУЭ, а также других системах управления на объектах повышенной пожарной опасности (атомные электростанции, метрополитен, суда, промышленные предприятия, школы, больницы, офисные помещения, высотные здания). Эксплуатируются внутри и вне помещений, при условии защиты от прямого воздействия солнечного излучения и атмосферных осадков.';
18:14:31|_EQ_SPECCABLE_KPSE_ng_FRLS.NameShortTemplate:='КПСЭнг-FRLS %%[Wire_Count_Section_DESC]';
18:14:31|_EQ_SPECCABLE_KPSE_ng_FRLS.NameTemplate:='Кабель для систем охраны и противопожарной защиты КПСЭнг-FRLS %%[Wire_Count_Section_DESC]';
18:14:31|_EQ_SPECCABLE_KPSE_ng_FRLS.UIDTemplate:='%%[ID]-%%[Wire_Count_Section_DESC]';
18:14:31|_EQ_SPECCABLE_KPSE_ng_FRLS.NameFullTemplate:='Кабель для систем охраны и противопожарной защиты огнестойкий групповой прокладки с пониженным дымо- и газовыделением, сечением %%[Wire_Count_Section_DESC]';
18:14:31|_EQ_SPECCABLE_KPSE_ng_FRLS.Wire_Count_Section_DESC:=_1_2_0_5;
18:14:31|_EQ_SPECCABLE_KPSE_ng_FRLS.TreeCoord:='BP_СПЕЦКАБЕЛЬ_Для ОПС_КПСЭнг-FRLS|BC_Кабельная продукция_Связи_КПСЭнг-FRLS(СПЕЦКАБЕЛЬ)';
18:14:31|_EQ_SPECCABLE_KPSE_ng_FRLS.format;
18:14:31|_EQ_SPECCABLE_KPSVEV.initnul;
18:14:31|_EQ_SPECCABLE_KPSVEV.Category:=_kables;
18:14:31|_EQ_SPECCABLE_KPSVEV.Group:=_cables_sv;
18:14:31|_EQ_SPECCABLE_KPSVEV.EdIzm:=_m;
18:14:31|_EQ_SPECCABLE_KPSVEV.ID:='SPECCABLE_KPSVEV';
18:14:31|_EQ_SPECCABLE_KPSVEV.Standard:='ТУ 16.К99-002-2003';
18:14:31|_EQ_SPECCABLE_KPSVEV.OKP:='35 8112';
18:14:31|_EQ_SPECCABLE_KPSVEV.Manufacturer:='НПП "Спецкабель" г.Москва';
18:14:31|_EQ_SPECCABLE_KPSVEV.Description:='';
18:14:31|_EQ_SPECCABLE_KPSVEV.NameShortTemplate:='КПСВЭВ %%[Wire_Count_Section_DESC]';
18:14:31|_EQ_SPECCABLE_KPSVEV.NameTemplate:='Кабель симметричный для систем сигнализации и управления КПСВЭВ %%[Wire_Count_Section_DESC]';
18:14:31|_EQ_SPECCABLE_KPSVEV.UIDTemplate:='%%[ID]-%%[Wire_Count_Section_DESC]';
18:14:31|_EQ_SPECCABLE_KPSVEV.NameFullTemplate:='Кабель симметричный для систем сигнализации и управления одиночной прокладки КПСВЭВ %%[Wire_Count_Section_DESC], сечением %%[Wire_Count_Section_DESC]';
18:14:31|_EQ_SPECCABLE_KPSVEV.Wire_Count_Section_DESC:=_1_2_0_5;
18:14:31|_EQ_SPECCABLE_KPSVEV.TreeCoord:='BP_СПЕЦКАБЕЛЬ_Для ОПС_КПСВЭВ|BC_Кабельная продукция_Связи_КПСВЭВ(СПЕЦКАБЕЛЬ)';
18:14:31|_EQ_SPECCABLE_KPSVEV.format;
18:14:31|_EQ_SPECCABLE_KPSVEV_ng_LS.initnul;
18:14:31|_EQ_SPECCABLE_KPSVEV_ng_LS.Category:=_kables;
18:14:31|_EQ_SPECCABLE_KPSVEV_ng_LS.Group:=_cables_sv;
18:14:31|_EQ_SPECCABLE_KPSVEV_ng_LS.EdIzm:=_m;
18:14:31|_EQ_SPECCABLE_KPSVEV_ng_LS.ID:='SPECCABLE_KPSVEV_ng_LS';
18:14:31|_EQ_SPECCABLE_KPSVEV_ng_LS.Standard:='ТУ 16.К99-002-2003';
18:14:31|_EQ_SPECCABLE_KPSVEV_ng_LS.OKP:='35 8100';
18:14:31|_EQ_SPECCABLE_KPSVEV_ng_LS.Manufacturer:='НПП "Спецкабель" г.Москва';
18:14:31|_EQ_SPECCABLE_KPSVEV_ng_LS.Description:='';
18:14:31|_EQ_SPECCABLE_KPSVEV_ng_LS.NameShortTemplate:='КПСВЭВнг-LS %%[Wire_Count_Section_DESC]';
18:14:31|_EQ_SPECCABLE_KPSVEV_ng_LS.NameTemplate:='Кабель симметричный парной скрутки для систем сигнализации и управления КПСВЭВнг-LS %%[Wire_Count_Section_DESC]';
18:14:31|_EQ_SPECCABLE_KPSVEV_ng_LS.UIDTemplate:='%%[ID]-%%[Wire_Count_Section_DESC]';
18:14:31|_EQ_SPECCABLE_KPSVEV_ng_LS.NameFullTemplate:='Кабель симметричный парной скрутки для систем сигнализации и управления групповой прокладки КПСВЭВнг-LS %%[Wire_Count_Section_DESC], сечением %%[Wire_Count_Section_DESC]';
18:14:31|_EQ_SPECCABLE_KPSVEV_ng_LS.Wire_Count_Section_DESC:=_1_2_0_5;
18:14:31|_EQ_SPECCABLE_KPSVEV_ng_LS.TreeCoord:='BP_СПЕЦКАБЕЛЬ_Для ОПС_КПСВЭВнг-LS|BC_Кабельная продукция_Связи_КПСВЭВнг-LS(СПЕЦКАБЕЛЬ)';
18:14:31|_EQ_SPECCABLE_KPSVEV_ng_LS.format;
18:14:31|end
18:14:31|_EQ_EIA_MAYAK12KA.initnul;
18:14:31|_EQ_EIA_MAYAK12KA.Category:=_ppkop;
18:14:31|_EQ_EIA_MAYAK12KA.Group:=_am;
18:14:31|_EQ_EIA_MAYAK12KA.EdIzm:=_sht;
18:14:31|_EQ_EIA_MAYAK12KA.ID:='EIA Маяк12КА';
18:14:31|_EQ_EIA_MAYAK12KA.Standard:='ТУ 4372-001-49518441-99';
18:14:31|_EQ_EIA_MAYAK12KA.OKP:='43 7246';
18:14:31|_EQ_EIA_MAYAK12KA.Manufacturer:='ООО "Электротехника и Автоматика" г.Омск';
18:14:31|_EQ_EIA_MAYAK12KA.NameShort:='Маяк-12-К (арктическое исполнение)';
18:14:31|_EQ_EIA_MAYAK12KA.Name:='Оповещатель комбинированный "Маяк-12-К" (арктическое исполнение)';
18:14:31|_EQ_EIA_MAYAK12KA.NameFull:='Оповещатель охранно-пожарный комбинированный МАЯК-12-К (арктическое исполнение)';
18:14:31|_EQ_EIA_MAYAK12KA.Description:='Оповещатель комбинированный МАЯК-12-К (арктическое исполнение) предназначен для выдачи светового и звукового сигналов на объектах, оснащенных охранно-пожарной сигнализацией.';
18:14:31|_EQ_EIA_MAYAK12KA.TreeCoord:='BP_Электротехника и Автоматика_Оповещатели_Комбинированные_Маяк-12-К(арктическое исполнение)|BC_Оборудование ОПС_Оповещатели_Комбинированные_Маяк-12-К(аркт.исп.)(Электротехника и Автоматика)';
18:14:31|_EQ_EIA_MAYAK12KA.format;
18:14:31|_EQ_EIA_MAYAK12K.initnul;
18:14:31|_EQ_EIA_MAYAK12K.Category:=_ppkop;
18:14:31|_EQ_EIA_MAYAK12K.Group:=_am;
18:14:31|_EQ_EIA_MAYAK12K.EdIzm:=_sht;
18:14:31|_EQ_EIA_MAYAK12K.ID:='EIA Маяк12К';
18:14:31|_EQ_EIA_MAYAK12K.Standard:='ТУ 4372-001-49518441-99';
18:14:31|_EQ_EIA_MAYAK12K.OKP:='43 7246';
18:14:31|_EQ_EIA_MAYAK12K.Manufacturer:='ООО "Электротехника и Автоматика" г.Омск';
18:14:31|_EQ_EIA_MAYAK12K.NameShort:='Маяк-12-К';
18:14:31|_EQ_EIA_MAYAK12K.Name:='Оповещатель комбинированный "Маяк-12-К"';
18:14:31|_EQ_EIA_MAYAK12K.NameFull:='Оповещатель охранно-пожарный комбинированный МАЯК-12-К';
18:14:31|_EQ_EIA_MAYAK12K.Description:='Оповещатель комбинированный МАЯК-12-К предназначен для выдачи светового и звукового сигналов на объектах, оснащенных охранно-пожарной сигнализацией.';
18:14:31|_EQ_EIA_MAYAK12K.TreeCoord:='BP_Электротехника и Автоматика_Оповещатели_Комбинированные_Маяк-12-К|BC_Оборудование ОПС_Оповещатели_Комбинированные_Маяк-12-К(Электротехника и Автоматика)';
18:14:31|_EQ_EIA_MAYAK12K.format;
18:14:31|_EQ_EIA_MAYAK12S.initnul;
18:14:31|_EQ_EIA_MAYAK12S.Category:=_ppkop;
18:14:31|_EQ_EIA_MAYAK12S.Group:=_am;
18:14:31|_EQ_EIA_MAYAK12S.EdIzm:=_sht;
18:14:31|_EQ_EIA_MAYAK12S.ID:='EIA Маяк12S';
18:14:31|_EQ_EIA_MAYAK12S.Standard:='ТУ 4372-001-49518441-99';
18:14:31|_EQ_EIA_MAYAK12S.OKP:='43 7245';
18:14:31|_EQ_EIA_MAYAK12S.Manufacturer:='ООО "Электротехника и Автоматика" г.Омск';
18:14:31|_EQ_EIA_MAYAK12S.NameShort:='Маяк-12-С';
18:14:31|_EQ_EIA_MAYAK12S.Name:='Оповещатель световой "Маяк-12"';
18:14:31|_EQ_EIA_MAYAK12S.NameFull:='Оповещатель охранно-пожарный световой МАЯК-12-С';
18:14:31|_EQ_EIA_MAYAK12S.Description:='Оповещатель световой МАЯК-12-С предназначен для выдачи светового сигнала на объектах, оснащенных охранно-пожарной сигнализацией.';
18:14:31|_EQ_EIA_MAYAK12S.TreeCoord:='BP_Электротехника и Автоматика_Оповещатели_Световые_Маяк-12-С|BC_Оборудование ОПС_Оповещатели_Световые_Маяк-12-С(Электротехника и Автоматика)';
18:14:31|_EQ_EIA_MAYAK12S.format;
18:14:31|end
18:14:31|zbasic.done(0002A5FA20) name=ZPanelWithSplit.ERROR2 pinterf
18:14:31|end (ZPanelWithSplit.ERROR2 pinterf)
18:14:31|zbasic.done(0002A5FBE8) name=ZPanelWithSplit.ERROR1 ps
18:14:31|end (ZPanelWithSplit.ERROR1 ps)
18:14:31|zbasic.done(0002A5FC80) name=ZPanelWithSplit.ERROR2 ps
18:14:31|end (ZPanelWithSplit.ERROR2 ps)
18:14:31|zbasic.done(0002A5FA20) name=ZPanelWithSplit.ERROR1 mainps
18:14:31|end (ZPanelWithSplit.ERROR1 mainps)
18:14:31|HISTORY: ZCAD v0.9.6.61 started
18:14:31|GDBPlugins.LoadPlugins("C:\zcad\cad\PLUGINS\")
18:14:31|end;
18:14:31|HISTORY: Run file '*components\autorun.cmd'
18:14:31|HISTORY:  (MergeBlocks);
18:14:31|AddFromDXF
18:14:31||HISTORY: Loading file C:\zcad\cad\blocks/el/general\_connector.dxf;
18:14:31||HISTORY: DXF2000 fileformat;
18:14:31||HISTORY: Ignored block *Model_Space;
18:14:31||HISTORY: Ignored block *Paper_Space;
18:14:31||Found block DEVICE_CONNECTOR;
18:14:31|||Connector_Junction:=false;
18:14:31||end block;
18:14:31||Found block CONNECTOR;
18:14:31||end block;
18:14:31||Found block TESTBLOCK;
18:14:31||end block;
18:14:31||Found block CONNECTOR_POINT;
18:14:31||end block;
18:14:31||Found block DEVICE_CONNECTOR_POINT;
18:14:31||end block;
18:14:31||Found block _None;
18:14:31||end block;
18:14:31||Found block CONNECTOR_SQUARE;
18:14:31||end block;
18:14:31||Found block DEVICE_CONNECTOR_SQUARE;
18:14:31||end block;
18:14:31||Found block *U8;
18:14:31||end block;
18:14:31||Found block DEVICE_CONNECTOR_TERMINAL;
18:14:31|||SYS_Border:=SB_Empty;
18:14:31|||SYS_Class:=SC_Connector;
18:14:31|||SYS_Group:=SG_El_Sch;
18:14:31||end block;
18:14:31||Found block CONNECTOR_TERMINAL;
18:14:31||end block;
18:14:31|end; {AddFromDXF}
18:14:31|HISTORY:  (MergeBlocks);
18:14:31|AddFromDXF
18:14:31||HISTORY: Loading file C:\zcad\cad\blocks/el/general\_el.dxf;
18:14:31||HISTORY: DXF2000 fileformat;
18:14:31||HISTORY: Ignored block *Model_Space;
18:14:31||HISTORY: Ignored block *Paper_Space;
18:14:31||Found block EL_CABLE_UP;
18:14:31||end block;
18:14:31||Found block DEVICE_EL_CABLE_UP;
18:14:31|||EL_Cab_AddLength:=0.1;
18:14:31|||end
18:14:31|||Text:='??';
18:14:31|||end
18:14:31||end block;
18:14:31||HISTORY: Ignored double definition block DEVICE_CONNECTOR_POINT;
18:14:31||Found block EL_CABLE_DOWN;
18:14:31||end block;
18:14:31||Found block DEVICE_EL_CABLE_DOWN;
18:14:31||end block;
18:14:31||Found block EL_MOTOR;
18:14:31||end block;
18:14:31||Found block DEVICE_EL_MOTOR;
18:14:31|||BTY_TreeCoord:='';
18:14:31|||Device_Group:=TDG_ElDevice;
18:14:31|||BTY_TreeCoord:='PLAN_EM_Двигатель';
18:14:31|||Device_Type:=TDT_SilaPotr;
18:14:31|||Device_Class:=TDC_Shell;
18:14:31|||NMO_Name:='Д0';
18:14:31|||NMO_BaseName:='Д';
18:14:31|||NameNumber:=0;
18:14:31|||Position:=0;
18:14:31|||Power:=1.0;
18:14:31|||Current:=0;
18:14:31|||CosPHI:=0.7;
18:14:31|||Ks:=1.0;
18:14:31|||PV:=1.0;
18:14:31|||Voltage:=_AC_380V_50Hz;
18:14:31|||DB_link:='El_Motor';
18:14:31|||NMO_Template:='@@[NMO_BaseName]@@[NameNumber]';
18:14:31|||EL_Cab_AddLength:=0.1;
18:14:31|||AmountI:=1;
18:14:31|||SerialConnection:=1;
18:14:31|||GC_HeadDevice:='ARK??';
18:14:31|||GC_HDShortName:='??';
18:14:31|||GC_HDGroup:=0;
18:14:31||end block;
18:14:31||HISTORY: Ignored double definition block DEVICE_CONNECTOR_SQUARE;
18:14:31||Found block EL_POSITION;
18:14:31||end block;
18:14:31||Found block DEVICE_EL_POSITION;
18:14:31|||HISTORY:        "DEVICE_EL_POSITION"
18:14:31||end block;
18:14:31||HISTORY: Ignored double definition block _None;
18:14:31||Found block EL_SR;
18:14:31||end block;
18:14:31||Found block DEVICE_EL_SR;
18:14:31|||Device_Type:=TDT_SilaIst;
18:14:31|||BTY_TreeCoord:='PLAN_EM_Распред устройство';
18:14:31|||Device_Class:=TDC_Shell;
18:14:31|||NMO_Name:='ШР0';
18:14:31|||NMO_BaseName:='ШР';
18:14:31|||NameNumber:=0;
18:14:31|||Power:=1.0;
18:14:31|||Current:=0;
18:14:31|||CosPHI:=0.7;
18:14:31|||Voltage:=_AC_380V_50Hz;
18:14:31|||DB_link:='El_Шкаф распределительный';
18:14:31|||NMO_Template:='@@[NMO_BaseName]@@[NameNumber]';
18:14:31|||EL_Cab_AddLength:=0.1;
18:14:31|||AmountI:=1;
18:14:31|||SerialConnection:=1;
18:14:31|||GC_HeadDevice:='ARK??';
18:14:31|||GC_HDShortName:='??';
18:14:31|||GC_HDGroup:=0;
18:14:31||end block;
18:14:31||Found block EL_LIGHT_FBULB;
18:14:31||end block;
18:14:31||Found block DEVICE_EL_LIGHT_FBULB;
18:14:31|||BTY_TreeCoord:='PLAN_EM_типа светильник1?';
18:14:31||end block;
18:14:31||Found block EL_LIGHT_LBULB;
18:14:31||end block;
18:14:31||Found block DEVICE_EL_LIGHT_LBULB;
18:14:31|||BTY_TreeCoord:='PLAN_EM_типа светильник2?';
18:14:31||end block;
18:14:31||Found block EL_LIGHT_LBULB2;
18:14:31||end block;
18:14:31||Found block DEVICE_EL_LIGHT_LBULB2;
18:14:31|||HISTORY:        "DEVICE_EL_LIGHT_LBULB2"
18:14:31||end block;
18:14:31||Found block EL_LIGHT_SWITH;
18:14:31||end block;
18:14:31||Found block DEVICE_EL_LIGHT_SWITH;
18:14:31||end block;
18:14:31||Found block EL_CABLE_FROMDOWN;
18:14:31||end block;
18:14:31||Found block DEVICE_EL_CABLE_FROMDOWN;
18:14:31||end block;
18:14:31||Found block EL_CABLE_FROMUP;
18:14:31||end block;
18:14:31||Found block DEVICE_EL_CABLE_FROMUP;
18:14:31||end block;
18:14:31||Found block _error_here;
18:14:31||end block;
18:14:31||Found block _ArchTick;
18:14:31||end block;
18:14:31||Found block EL_CONTACTOR;
18:14:31||end block;
18:14:31||Found block DEVICE_EL_CONTACTOR;
18:14:31|||NMO_Name:='??';
18:14:31|||NMO_Prefix:='';
18:14:31|||NMO_Suffix:='';
18:14:31|||NMO_BaseName:='unnamed';
18:14:31|||NMO_Template:='@@[NMO_Prefix]@@[NMO_BaseName]@@[NMO_Suffix]';
18:14:31|||DB_link:='??';
18:14:31|||SerialConnection:=1;
18:14:31|||GC_NumberInGroup:=0;
18:14:31|||GC_HeadDevice:='??';
18:14:31|||GC_HDShortName:='??';
18:14:31|||GC_HDGroup:=0;
18:14:31|||BTY_TreeCoord:='PLAN_EM_Пускатель';
18:14:31|||Device_Class:=TDC_Shell;
18:14:31||end block;
18:14:31|end; {AddFromDXF}
18:14:31|HISTORY:  (MergeBlocks);
18:14:31|AddFromDXF
18:14:31||HISTORY: Loading file C:\zcad\cad\blocks/el/general\_nok.dxf;
18:14:31||HISTORY: DXF2000 fileformat;
18:14:31||HISTORY: Ignored block *Model_Space;
18:14:31||HISTORY: Ignored block *Paper_Space;
18:14:31||HISTORY: Ignored block *Paper_Space0;
18:14:31||Found block NOC;
18:14:31||end block;
18:14:31||HISTORY: Ignored double definition block DEVICE_CONNECTOR;
18:14:31||Found block DEVICE_NOC;
18:14:31|||HISTORY:        "DEVICE_NOC"
18:14:31||end block;
18:14:31||HISTORY: Ignored double definition block DEVICE_CONNECTOR_TERMINAL;
18:14:31||Found block NOC2;
18:14:31||end block;
18:14:31||Found block DEVICE_NOC2;
18:14:31|||HISTORY:        "DEVICE_NOC2"
18:14:31||end block;
18:14:31||HISTORY: Ignored double definition block CONNECTOR;
18:14:31||HISTORY: Ignored double definition block CONNECTOR_TERMINAL;
18:14:31|end; {AddFromDXF}
18:14:31|HISTORY:  (MergeBlocks);
18:14:31|AddFromDXF
18:14:31||HISTORY: Loading file C:\zcad\cad\blocks/el/general\_OPS.dxf;
18:14:31||HISTORY: DXF2000 fileformat;
18:14:31||HISTORY: Ignored block *Model_Space;
18:14:31||HISTORY: Ignored block *Paper_Space;
18:14:31||HISTORY: Ignored double definition block _None;
18:14:31||Found block PS_DAT_SMOKE;
18:14:31||end block;
18:14:31||Found block DEVICE_PS_DAT_SMOKE;
18:14:31|||SerialConnection:=1;
18:14:31|||GC_NumberInGroup:=0;
18:14:31|||GC_HeadDevice:='??';
18:14:31|||GC_HDShortName:='??';
18:14:31|||GC_HDGroup:=0;
18:14:31|||BTY_TreeCoord:='PLAN_OPS_PSSENSORS_UNCAT';
18:14:31|||Device_Type:=TDT_SensorPS;
18:14:31|||NMO_Template:='@@[GC_HDShortName]@@[NMO_BaseName]@@[GC_HDGroup].@@[GC_NumberInGroup]';
18:14:31|||EL_Cab_AddLength:=0.1;
18:14:31|||AmountI:=1;
18:14:31|||SerialConnection:=1;
18:14:31|||GC_HeadDevice:='ARK??';
18:14:31|||GC_HDShortName:='??';
18:14:31|||GC_HDGroup:=0;
18:14:31|||NMO_Name:='0BTH0.0';
18:14:31|||NMO_BaseName:='BTH';
18:14:31|||DB_link:='SmokeDet';
18:14:31|||BTY_TreeCoord:='PLAN_OPS_PSSENSORS_HSENSORS_Точечный 1';
18:14:31||end block;
18:14:31||HISTORY: Ignored double definition block DEVICE_CONNECTOR_SQUARE;
18:14:31||HISTORY: Ignored double definition block DEVICE_CONNECTOR;
18:14:31||Found block _Dot;
18:14:31||end block;
18:14:31||HISTORY: Ignored double definition block _ArchTick;
18:14:31||Found block _DotSmall;
18:14:31||end block;
18:14:31||Found block PS_ARK_DEVICE;
18:14:31||end block;
18:14:31||Found block DEVICE_PS_ARK_DEVICE;
18:14:31|||DB_link:='Прибор ОПС';
18:14:31|||BTY_TreeCoord:='PLAN_OPS_Прибор ОПС';
18:14:31|||Device_Type:=TDT_PriborOPS;
18:14:31|||NMO_Template:='@@[NMO_Prefix]@@[NMO_BaseName]@@[NMO_Suffix]';
18:14:31|||EL_Cab_AddLength:=0.1;
18:14:31|||NMO_Prefix:='';
18:14:31|||NMO_BaseName:='ARK';
18:14:31|||NMO_Suffix:='??';
18:14:31|||SerialConnection:=1;
18:14:31|||GC_HDShortName:='??';
18:14:31|||GC_HeadDevice:='??';
18:14:31|||GC_HDGroup:=0;
18:14:31|||end
18:14:31||end block;
18:14:31||Found block PS_DAT_TERMO;
18:14:31||end block;
18:14:31||Found block DEVICE_PS_DAT_TERMO;
18:14:31|||NMO_Name:='0BTK0.0';
18:14:31|||NMO_BaseName:='BTK';
18:14:31|||DB_link:='TermoDet';
18:14:31|||BTY_TreeCoord:='PLAN_OPS_PSSENSORS_KSENSORS_Точечный 1';
18:14:31||end block;
18:14:31||Found block DEVICE_PS_DAT_HAND;
18:14:31|||NMO_Name:='0BTM0.0';
18:14:31|||NMO_BaseName:='BTM';
18:14:31|||DB_link:='HandDet';
18:14:31|||BTY_TreeCoord:='PLAN_OPS_PSSENSORS_MSENSORS_Вариант 1';
18:14:31||end block;
18:14:31||Found block PS_DAT_HAND;
18:14:31||end block;
18:14:31||Found block PS_GB;
18:14:31||end block;
18:14:31||Found block DEVICE_PS_GB;
18:14:31|||BTY_TreeCoord:='PLAN_OPS_Блок питания 1';
18:14:31|||NMO_Template:='@@[NMO_Prefix]@@[NMO_BaseName]@@[NMO_Suffix]';
18:14:31|||EL_Cab_AddLength:=0.1;
18:14:31|||NMO_Prefix:='';
18:14:31|||NMO_BaseName:='GB';
18:14:31|||NMO_Suffix:='??';
18:14:31|||DB_link:='RIP';
18:14:31|||BTY_TreeCoord:='PLAN_OPS_Блок питания 1';
18:14:31||end block;
18:14:31||Found block PS_BIASL;
18:14:31||end block;
18:14:31||Found block DEVICE_PS_BIASL;
18:14:31|||NMO_Name:='0BIASL0.0';
18:14:31|||NMO_BaseName:='BIASL';
18:14:31|||DB_link:='BIASL';
18:14:31|||BTY_TreeCoord:='PLAN_OPS_OPSALARM_OPSASOUNDLIGHT_Вариант 1';
18:14:31||end block;
18:14:31||Found block OS_DAT_BGB;
18:14:31||end block;
18:14:31||Found block DEVICE_OS_DAT_BGB;
18:14:31|||NMO_Name:='0BGB0.0';
18:14:31|||NMO_BaseName:='BGB';
18:14:31|||DB_link:='BGBDet';
18:14:31|||BTY_TreeCoord:='PLAN_OPS_OSSENSORS_BSENSORS_Вариант 1';
18:14:31||end block;
18:14:31||Found block OS_DAT_BGT;
18:14:31||end block;
18:14:31||Found block DEVICE_OS_DAT_BGT;
18:14:31|||NMO_Name:='0BGT0.0';
18:14:31|||NMO_BaseName:='BGT';
18:14:31|||DB_link:='BGTdet';
18:14:31|||BTY_TreeCoord:='PLAN_OPS_OSSENSORS_TSENSORS_Вариант 1';
18:14:31||end block;
18:14:31||Found block OS_DAT_BGL;
18:14:31||end block;
18:14:31||Found block DEVICE_OS_DAT_BGL;
18:14:31|||NMO_Name:='0BGL0.0';
18:14:31|||NMO_BaseName:='BGL';
18:14:31|||DB_link:='BGBLet';
18:14:31|||BTY_TreeCoord:='PLAN_OPS_OSSENSORS_LSENSORS_Вариант 1';
18:14:31||end block;
18:14:31||Found block PS_BIAL;
18:14:31||end block;
18:14:31||Found block DEVICE_PS_BIAL;
18:14:31|||NMO_Name:='0BIAL0.0';
18:14:31|||NMO_BaseName:='BIAL';
18:14:31|||DB_link:='BIAL';
18:14:31|||BTY_TreeCoord:='PLAN_OPS_OPSALARM_OPSALIGHT_Вариант 1';
18:14:31||end block;
18:14:31||Found block SS_RT;
18:14:31||end block;
18:14:31||Found block DEVICE_SS_RT;
18:14:31|||NMO_Name:='RT0';
18:14:31|||NMO_BaseName:='RT';
18:14:31|||DB_link:='Розетка телефонная';
18:14:31|||BTY_TreeCoord:='PLAN_SS_SSSOCKETS_Розетка телефонная 1';
18:14:31||end block;
18:14:31||Found block SS_ATS;
18:14:31||end block;
18:14:31||Found block DEVICE_SS_ATS;
18:14:31|||NMO_Name:='ATS0';
18:14:31|||NMO_BaseName:='ATS';
18:14:31|||DB_link:='ATS';
18:14:31|||BTY_TreeCoord:='PLAN_SS_АТС';
18:14:31||end block;
18:14:31||Found block SS_19;
18:14:31||end block;
18:14:31||Found block DEVICE_SS_19;
18:14:31|||NMO_Name:='Ст0';
18:14:31|||NMO_BaseName:='Ст';
18:14:31|||DB_link:='Стойка 19"';
18:14:31|||BTY_TreeCoord:='PLAN_SS_Стойка 19"';
18:14:31||end block;
18:14:31||Found block SS_MIC;
18:14:31||end block;
18:14:31||Found block DEVICE_SS_MIC;
18:14:31|||NMO_Name:='M0';
18:14:31|||NMO_BaseName:='M';
18:14:31|||DB_link:='Микрофот';
18:14:31|||BTY_TreeCoord:='PLAN_SS_Микрофон';
18:14:31||end block;
18:14:31||Found block SS_PRICLOCK;
18:14:31||end block;
18:14:31||Found block DEVICE_SS_PRICLOCK;
18:14:31|||NMO_Name:='Ч0';
18:14:31|||NMO_BaseName:='Ч';
18:14:31|||DB_link:='Первичные часы';
18:14:31|||BTY_TreeCoord:='PLAN_SS_Первичные часы';
18:14:31||end block;
18:14:31||Found block SS_SECCLOCK;
18:14:31||end block;
18:14:31||Found block DEVICE_SS_SECCLOCK;
18:14:31|||NMO_Name:='Ч0';
18:14:31|||NMO_BaseName:='Ч';
18:14:31|||DB_link:='Вторичные часы';
18:14:31|||BTY_TreeCoord:='PLAN_SS_Вторичные часы';
18:14:31||end block;
18:14:31||Found block SS_VCAMTC;
18:14:31||end block;
18:14:31||Found block DEVICE_SS_VCAMTC;
18:14:31|||NMO_Name:='К0';
18:14:31|||NMO_BaseName:='К';
18:14:31|||DB_link:='Камера в термокожухе';
18:14:31|||BTY_TreeCoord:='PLAN_SS_Камера в термокожухе';
18:14:31||end block;
18:14:31||Found block SS_VCAM;
18:14:31||end block;
18:14:31||Found block DEVICE_SS_VCAM;
18:14:31|||NMO_Name:='К0';
18:14:31|||NMO_BaseName:='К';
18:14:31|||DB_link:='Камера';
18:14:31|||BTY_TreeCoord:='PLAN_SS_Камера';
18:14:31||end block;
18:14:31||Found block PS_BIAS;
18:14:31||end block;
18:14:31||Found block DEVICE_PS_BIAS;
18:14:31|||NMO_Name:='0BIAS0.0';
18:14:31|||NMO_BaseName:='BIAS';
18:14:31|||DB_link:='BIAS';
18:14:31|||BTY_TreeCoord:='PLAN_OPS_OPSALARM_OPSASOUND_Вариант 1';
18:14:31||end block;
18:14:31||Found block OPS_DISTRIBUTION_BOX;
18:14:31||end block;
18:14:31||Found block DEVICE_OPS_DISTRIBUTION_BOX;
18:14:31|||EL_Cab_AddLength:=0.1;
18:14:31|||BTY_TreeCoord:='PLAN_OPS_Коробка распределительная';
18:14:31|||NMO_Template:='@@[NMO_Prefix]@@[NMO_BaseName]@@[NMO_Suffix]';
18:14:31|||NMO_Prefix:='';
18:14:31|||NMO_BaseName:='C';
18:14:31|||NMO_Suffix:='??';
18:14:31|||DB_link:='Коробка';
18:14:31|||end
18:14:31||end block;
18:14:31||Found block OPS_GB2;
18:14:31||end block;
18:14:31||Found block DEVICE_OPS_GB2;
18:14:31|||BTY_TreeCoord:='PLAN_OPS_Блок питания 2';
18:14:31||end block;
18:14:31||Found block OS_DAT_BGL2;
18:14:31||end block;
18:14:31||Found block DEVICE_OS_DAT_BGL2;
18:14:31|||BTY_TreeCoord:='PLAN_OPS_OSSENSORS_LSENSORS_Вариант 2';
18:14:31||end block;
18:14:31||Found block OS_READER;
18:14:31||end block;
18:14:31||Found block DEVICE_OS_READER;
18:14:31|||BTY_TreeCoord:='PLAN_OPS_Считыватель без клавиатуры';
18:14:31|||NMO_Template:='@@[NMO_Prefix]@@[NMO_BaseName]@@[NMO_Suffix]';
18:14:31|||NMO_Prefix:='';
18:14:31|||NMO_BaseName:='СЧ';
18:14:31|||NMO_Suffix:='??';
18:14:31|||DB_link:='READER';
18:14:31||end block;
18:14:31||Found block OS_ELLOCK;
18:14:31||end block;
18:14:31||Found block DEVICE_OS_ELLOCK;
18:14:31|||BTY_TreeCoord:='PLAN_OPS_Электрозамок';
18:14:31|||NMO_Template:='@@[NMO_Prefix]@@[NMO_BaseName]@@[NMO_Suffix]';
18:14:31|||NMO_Prefix:='';
18:14:31|||NMO_BaseName:='YAK';
18:14:31|||NMO_Suffix:='??';
18:14:31|||DB_link:='ELLOCK';
18:14:31||end block;
18:14:31||Found block OS_KNOPKA;
18:14:31||end block;
18:14:31||Found block DEVICE_OS_KNOPKA;
18:14:31|||BTY_TreeCoord:='PLAN_OPS_Кнопка на выход';
18:14:31|||NMO_Template:='@@[NMO_Prefix]@@[NMO_BaseName]@@[NMO_Suffix]';
18:14:31|||NMO_Prefix:='';
18:14:31|||NMO_BaseName:='SB';
18:14:31|||NMO_Suffix:='??';
18:14:31|||DB_link:='OS_KNOPKA';
18:14:31||end block;
18:14:31||Found block *U57;
18:14:31||end block;
18:14:31|end; {AddFromDXF}
18:14:31|HISTORY:  (MergeBlocks);
18:14:31|AddFromDXF
18:14:31||HISTORY: Loading file C:\zcad\cad\blocks/el/general\_KIP.dxf;
18:14:31||HISTORY: DXF2000 fileformat;
18:14:31||HISTORY: Ignored block *Model_Space;
18:14:31||HISTORY: Ignored block *Paper_Space;
18:14:31||HISTORY: Ignored double definition block _None;
18:14:31||HISTORY: Ignored double definition block DEVICE_CONNECTOR_SQUARE;
18:14:31||HISTORY: Ignored double definition block _Dot;
18:14:31||Found block KIP_CONNECTION_BOX;
18:14:31||end block;
18:14:31||Found block DEVICE_KIP_CONNECTION_BOX;
18:14:31|||BTY_TreeCoord:='PLAN_KIPIA_Коробка соединительная';
18:14:31|||NMO_Template:='@@[NMO_Prefix]@@[NMO_BaseName]@@[NMO_Suffix]';
18:14:31|||NMO_Prefix:='';
18:14:31|||NMO_BaseName:='C';
18:14:31|||NMO_Suffix:='??';
18:14:31|||DB_link:='Коробка';
18:14:31|||end
18:14:31||end block;
18:14:31||Found block KIP_SENSOR;
18:14:31||end block;
18:14:31||Found block DEVICE_KIP_SENSOR;
18:14:31|||BTY_TreeCoord:='PLAN_KIPIA_Датчик';
18:14:31|||NMO_Template:='@@[NMO_Prefix]@@[NMO_BaseName]@@[NMO_Suffix]';
18:14:31|||NMO_Prefix:='';
18:14:31|||NMO_BaseName:='ТС';
18:14:31|||NMO_Suffix:='??';
18:14:31|||DB_link:='Датчик';
18:14:31||end block;
18:14:31||Found block CABLE_MARK;
18:14:31||end block;
18:14:31||Found block DEVICE_CABLE_MARK;
18:14:31|||CableName:='??';
18:14:31|||CableMaterial:='??';
18:14:31|||CableLength:=0.0;
18:14:31|||end
18:14:31||end block;
18:14:31||Found block KIP_AUTOMATION_BOX;
18:14:31||end block;
18:14:31||Found block DEVICE_KIP_AUTOMATION_BOX;
18:14:31|||NMO_Name:='0ША0.0';
18:14:31|||NMO_BaseName:='ША';
18:14:31|||DB_link:='Шкаф автоматики';
18:14:31|||BTY_TreeCoord:='PLAN_KIPIA_Шкаф автоматики';
18:14:31||end block;
18:14:31||Found block KIP_ACTUATOR;
18:14:31||end block;
18:14:31||Found block DEVICE_KIP_ACTUATOR;
18:14:31|||NMO_Name:='0КР0.0';
18:14:31|||NMO_BaseName:='КР';
18:14:31|||DB_link:='Привод задвижки';
18:14:31|||BTY_TreeCoord:='PLAN_KIPIA_Привод задвижки';
18:14:31||end block;
18:14:31||Found block KIP_SOLENOID;
18:14:31||end block;
18:14:31||Found block DEVICE_KIP_SOLENOID;
18:14:31|||NMO_Name:='0Y0.0';
18:14:31|||NMO_BaseName:='Y';
18:14:31|||DB_link:='Привод клапана';
18:14:31|||BTY_TreeCoord:='PLAN_KIPIA_Привод клапана';
18:14:31||end block;
18:14:31||Found block KIP_KNOPKA;
18:14:31||end block;
18:14:31||Found block DEVICE_KIP_KNOPKA;
18:14:31|||BTY_TreeCoord:='PLAN_KIPIA_Кнопка';
18:14:31|||NMO_Template:='@@[NMO_Prefix]@@[NMO_BaseName]@@[NMO_Suffix]';
18:14:31|||NMO_Prefix:='';
18:14:31|||NMO_BaseName:='SB';
18:14:31|||NMO_Suffix:='??';
18:14:31|||DB_link:='KIP_KNOPKA';
18:14:31||end block;
18:14:31||Found block KIP_UKP;
18:14:31||end block;
18:14:31||Found block DEVICE_KIP_UKP;
18:14:31|||Device_Type:=TDT_Junction;
18:14:31|||Device_Class:=TDC_Shell;
18:14:31|||BTY_TreeCoord:='PLAN_KIPIA_Коробка ответвительная';
18:14:31|||NMO_Template:='@@[NMO_Prefix]@@[NMO_BaseName]@@[NMO_Suffix]';
18:14:31|||NMO_Prefix:='';
18:14:31|||NMO_BaseName:='C';
18:14:31|||NMO_Suffix:='??';
18:14:31|||DB_link:='Коробка';
18:14:31|||end
18:14:31||end block;
18:14:31|end; {AddFromDXF}
18:14:31|HISTORY:  (MergeBlocks);
18:14:31|AddFromDXF
18:14:31||HISTORY: Loading file C:\zcad\cad\blocks/el/general\_ss.dxf;
18:14:31||HISTORY: DXF2000 fileformat;
18:14:31||HISTORY: Ignored block *Model_Space;
18:14:31||HISTORY: Ignored block *Paper_Space;
18:14:31||HISTORY: Ignored block *Paper_Space0;
18:14:31||HISTORY: Ignored double definition block _None;
18:14:31||HISTORY: Ignored double definition block DEVICE_CONNECTOR_SQUARE;
18:14:31||Found block SS_BIAS;
18:14:31||end block;
18:14:31||Found block DEVICE_SS_BIAS;
18:14:31|||NMO_Name:='0BIAS0.0';
18:14:31|||NMO_BaseName:='BIAS';
18:14:31|||DB_link:='BIAS';
18:14:31|||BTY_TreeCoord:='PLAN_OPS_OPSALARM_OPSASOUND_Вариант 1';
18:14:31||end block;
18:14:31||Found block SS_RJSOCKET;
18:14:31||end block;
18:14:31||Found block DEVICE_SS_RJSOCKET;
18:14:31|||SerialConnection:=1;
18:14:31|||GC_NumberInGroup:=0;
18:14:31|||GC_HeadDevice:='??';
18:14:31|||GC_HDShortName:='??';
18:14:31|||GC_HDGroup:=0;
18:14:31|||BTY_TreeCoord:='PLAN_SS_SSSOCKETS_UNCAT';
18:14:31|||Device_Type:=TDT_SensorPS;
18:14:31|||NMO_Template:='@@[NMO_BaseName]@@[GC_HDGroup]';
18:14:31|||EL_Cab_AddLength:=0.1;
18:14:31|||AmountI:=1;
18:14:31|||SerialConnection:=1;
18:14:31|||GC_HeadDevice:='??';
18:14:31|||GC_HDShortName:='??';
18:14:31|||GC_HDGroup:=0;
18:14:31|||NMO_Name:='K0';
18:14:31|||NMO_BaseName:='K';
18:14:31|||DB_link:='RJ45 Socket';
18:14:31|||BTY_TreeCoord:='PLAN_SS_SSSOCKETS_Розетка RJ-45';
18:14:31||end block;
18:14:31|end; {AddFromDXF}
18:14:31|HISTORY:  (MergeBlocks);
18:14:31|AddFromDXF
18:14:31||HISTORY: Loading file C:\zcad\cad\blocks/el/general\_spds.dxf;
18:14:31||HISTORY: DXF2000 fileformat;
18:14:31||HISTORY: Ignored block *Model_Space;
18:14:31||HISTORY: Ignored block *Paper_Space;
18:14:31||Found block TBL_KZ_HEAD;
18:14:31||end block;
18:14:31||Found block TBL_PSRS_HEAD;
18:14:31||end block;
18:14:31||Found block TBL_SPEC_HEAD;
18:14:31||end block;
18:14:31||Found block EM_PSRS_HEAD;
18:14:31||end block;
18:14:31||Found block EM_PSRS_EL;
18:14:31||end block;
18:14:31||Found block DEVICE_EM_PSRS_EL;
18:14:31|||HISTORY:        "DEVICE_EM_PSRS_EL"
18:14:31||end block;
18:14:31|end; {AddFromDXF}
18:14:31|UNCAT_DEVICE_CONNECTOR
18:14:31|UNCAT_CONNECTOR
18:14:31|UNCAT_TESTBLOCK
18:14:31|UNCAT_CONNECTOR_POINT
18:14:31|UNCAT_DEVICE_CONNECTOR_POINT
18:14:31|UNCAT__None
18:14:31|UNCAT_CONNECTOR_SQUARE
18:14:31|UNCAT_DEVICE_CONNECTOR_SQUARE
18:14:31|UNCAT_*U8
18:14:31|UNCAT_DEVICE_CONNECTOR_TERMINAL
18:14:31|UNCAT_CONNECTOR_TERMINAL
18:14:31|UNCAT_EL_CABLE_UP
18:14:31|UNCAT_DEVICE_EL_CABLE_UP
18:14:31|UNCAT_EL_CABLE_DOWN
18:14:31|UNCAT_DEVICE_EL_CABLE_DOWN
18:14:31|UNCAT_EL_MOTOR
18:14:31|PLAN_EM_Двигатель
18:14:31|UNCAT_EL_POSITION
18:14:31|UNCAT_DEVICE_EL_POSITION
18:14:31|UNCAT_EL_SR
18:14:31|PLAN_EM_Распред устройство
18:14:31|UNCAT_EL_LIGHT_FBULB
18:14:31|PLAN_EM_типа светильник1?
18:14:31|UNCAT_EL_LIGHT_LBULB
18:14:31|PLAN_EM_типа светильник2?
18:14:31|UNCAT_EL_LIGHT_LBULB2
18:14:31|UNCAT_DEVICE_EL_LIGHT_LBULB2
18:14:31|UNCAT_EL_LIGHT_SWITH
18:14:31|UNCAT_DEVICE_EL_LIGHT_SWITH
18:14:31|UNCAT_EL_CABLE_FROMDOWN
18:14:31|UNCAT_DEVICE_EL_CABLE_FROMDOWN
18:14:31|UNCAT_EL_CABLE_FROMUP
18:14:31|UNCAT_DEVICE_EL_CABLE_FROMUP
18:14:31|UNCAT__error_here
18:14:31|UNCAT__ArchTick
18:14:31|UNCAT_EL_CONTACTOR
18:14:31|PLAN_EM_Пускатель
18:14:31|UNCAT_NOC
18:14:31|UNCAT_DEVICE_NOC
18:14:31|UNCAT_NOC2
18:14:31|UNCAT_DEVICE_NOC2
18:14:31|UNCAT_PS_DAT_SMOKE
18:14:31|PLAN_OPS_PSSENSORS_HSENSORS_Точечный 1
18:14:31|UNCAT__Dot
18:14:31|UNCAT__DotSmall
18:14:31|UNCAT_PS_ARK_DEVICE
18:14:31|PLAN_OPS_Прибор ОПС
18:14:31|UNCAT_PS_DAT_TERMO
18:14:31|PLAN_OPS_PSSENSORS_KSENSORS_Точечный 1
18:14:31|PLAN_OPS_PSSENSORS_MSENSORS_Вариант 1
18:14:31|UNCAT_PS_DAT_HAND
18:14:31|UNCAT_PS_GB
18:14:31|PLAN_OPS_Блок питания 1
18:14:31|UNCAT_PS_BIASL
18:14:31|PLAN_OPS_OPSALARM_OPSASOUNDLIGHT_Вариант 1
18:14:31|UNCAT_OS_DAT_BGB
18:14:31|PLAN_OPS_OSSENSORS_BSENSORS_Вариант 1
18:14:31|UNCAT_OS_DAT_BGT
18:14:31|PLAN_OPS_OSSENSORS_TSENSORS_Вариант 1
18:14:31|UNCAT_OS_DAT_BGL
18:14:31|PLAN_OPS_OSSENSORS_LSENSORS_Вариант 1
18:14:31|UNCAT_PS_BIAL
18:14:31|PLAN_OPS_OPSALARM_OPSALIGHT_Вариант 1
18:14:31|UNCAT_SS_RT
18:14:31|PLAN_SS_SSSOCKETS_Розетка телефонная 1
18:14:31|UNCAT_SS_ATS
18:14:31|PLAN_SS_АТС
18:14:31|UNCAT_SS_19
18:14:31|PLAN_SS_Стойка 19"
18:14:31|UNCAT_SS_MIC
18:14:31|PLAN_SS_Микрофон
18:14:31|UNCAT_SS_PRICLOCK
18:14:31|PLAN_SS_Первичные часы
18:14:31|UNCAT_SS_SECCLOCK
18:14:31|PLAN_SS_Вторичные часы
18:14:31|UNCAT_SS_VCAMTC
18:14:31|PLAN_SS_Камера в термокожухе
18:14:31|UNCAT_SS_VCAM
18:14:31|PLAN_SS_Камера
18:14:31|UNCAT_PS_BIAS
18:14:31|PLAN_OPS_OPSALARM_OPSASOUND_Вариант 1
18:14:31|UNCAT_OPS_DISTRIBUTION_BOX
18:14:31|PLAN_OPS_Коробка распределительная
18:14:31|UNCAT_OPS_GB2
18:14:31|PLAN_OPS_Блок питания 2
18:14:31|UNCAT_OS_DAT_BGL2
18:14:31|PLAN_OPS_OSSENSORS_LSENSORS_Вариант 2
18:14:31|UNCAT_OS_READER
18:14:31|PLAN_OPS_Считыватель без клавиатуры
18:14:31|UNCAT_OS_ELLOCK
18:14:31|PLAN_OPS_Электрозамок
18:14:31|UNCAT_OS_KNOPKA
18:14:31|PLAN_OPS_Кнопка на выход
18:14:31|UNCAT_*U57
18:14:31|UNCAT_KIP_CONNECTION_BOX
18:14:31|PLAN_KIPIA_Коробка соединительная
18:14:31|UNCAT_KIP_SENSOR
18:14:31|PLAN_KIPIA_Датчик
18:14:31|UNCAT_CABLE_MARK
18:14:31|UNCAT_DEVICE_CABLE_MARK
18:14:31|UNCAT_KIP_AUTOMATION_BOX
18:14:31|PLAN_KIPIA_Шкаф автоматики
18:14:31|UNCAT_KIP_ACTUATOR
18:14:31|PLAN_KIPIA_Привод задвижки
18:14:31|UNCAT_KIP_SOLENOID
18:14:31|PLAN_KIPIA_Привод клапана
18:14:31|UNCAT_KIP_KNOPKA
18:14:31|PLAN_KIPIA_Кнопка
18:14:31|UNCAT_KIP_UKP
18:14:31|PLAN_KIPIA_Коробка ответвительная
18:14:31|UNCAT_SS_BIAS
18:14:31|PLAN_OPS_OPSALARM_OPSASOUND_Вариант 1
18:14:31|UNCAT_SS_RJSOCKET
18:14:31|PLAN_SS_SSSOCKETS_Розетка RJ-45
18:14:31|UNCAT_TBL_KZ_HEAD
18:14:31|UNCAT_TBL_PSRS_HEAD
18:14:31|UNCAT_TBL_SPEC_HEAD
18:14:31|UNCAT_EM_PSRS_HEAD
18:14:31|UNCAT_EM_PSRS_EL
18:14:31|UNCAT_DEVICE_EM_PSRS_EL
18:14:31|zbasic.done(0001106CA8) name=Please wait.....
18:14:31||ZGUIArray.done(0001106D36)
18:14:31||ZGUIArray.freeelement(0001106D36
18:14:31|||zbasic.done(0001106D36) name=
18:14:31|||end ()
18:14:31||end;
18:14:31|end (Please wait.....)
18:14:34|HISTORY:  (Quit);
18:14:34|HISTORY:       ...............
18:14:34|zbasic.done(00010EF82C) name=
18:14:34||ZGUIArray.done(00010EF8BA)
18:14:34||ZGUIArray.freeelement(00010EF8BA
18:14:34|||zbasic.done(00010EF8BA) name=
18:14:34|||end ()
18:14:34||end;
18:14:34|end ()
18:14:34|zbasic.done(00010EF710) name=
18:14:34||ZGUIArray.done(00010EF79E)
18:14:34||ZGUIArray.freeelement(00010EF79E
18:14:34|||zbasic.done(00010EF79E) name=aboutwnd.cmdedit
18:14:34|||end (aboutwnd.cmdedit)
18:14:34||end;
18:14:34|end ()
18:14:34|zbasic.done(00010EF5F4) name=
18:14:34||ZGUIArray.done(00010EF682)
18:14:34||ZGUIArray.freeelement(00010EF682
18:14:34|||zbasic.done(00010EF682) name=
18:14:34|||end ()
18:14:34||end;
18:14:34|end ()
18:14:34|zbasic.done(0001105BE4) name=ZForm.Down
18:14:34||ZGUIArray.done(0001105F64)
18:14:34||ZGUIArray.freeelement(0001105F64
18:14:34|||zbasic.done(0001105F64) name=  ?
18:14:34|||end (  ?)
18:14:34||end;
18:14:34||ZGUIArray.done(0001105ED0)
18:14:34||ZGUIArray.freeelement(0001105ED0
18:14:34|||zbasic.done(0001105ED0) name=?
18:14:34|||end (?)
18:14:34||end;
18:14:34||ZGUIArray.done(00028492A0)
18:14:34||ZGUIArray.freeelement(00028492A0
18:14:34|||zbasic.done(00028492A0) name=
18:14:34|||end ()
18:14:34||end;
18:14:34||ZGUIArray.done(0002849360)
18:14:34||ZGUIArray.freeelement(0002849360
18:14:34|||zbasic.done(0002849360) name=SUB-
18:14:34|||end (SUB-)
18:14:34||end;
18:14:34||ZGUIArray.done(0002849420)
18:14:34||ZGUIArray.freeelement(0002849420
18:14:34|||zbasic.done(0002849420) name=
18:14:34|||end ()
18:14:34||end;
18:14:34||ZGUIArray.done(00028494E0)
18:14:34||ZGUIArray.freeelement(00028494E0
18:14:34|||zbasic.done(00028494E0) name=
18:14:34|||end ()
18:14:34||end;
18:14:34||ZGUIArray.done(00028495A0)
18:14:34||ZGUIArray.freeelement(00028495A0
18:14:34|||zbasic.done(00028495A0) name=
18:14:34|||end ()
18:14:34||end;
18:14:34||ZGUIArray.done(0002849660)
18:14:34||ZGUIArray.freeelement(0002849660
18:14:34|||zbasic.done(0002849660) name=HG
18:14:34|||end (HG)
18:14:34||end;
18:14:34||ZGUIArray.done(0002849720)
18:14:34||ZGUIArray.freeelement(0002849720
18:14:34|||zbasic.done(0002849720) name=SG
18:14:34|||end (SG)
18:14:34||end;
18:14:34|end (ZForm.Down)
18:14:34|zbasic.done(0001105B56) name=ZForm.Right
18:14:34||ZGUIArray.done(000278A610)
18:14:34||ZGUIArray.freeelement(000278A610
18:14:34|||zbasic.done(000278A610) name=ZButton.Load(QS)
18:14:34|||end (ZButton.Load(QS))
18:14:34||end;
18:14:34||ZGUIArray.done(000278A6C0)
18:14:34||ZGUIArray.freeelement(000278A6C0
18:14:34|||zbasic.done(000278A6C0) name=ZButton.QSave(QS)
18:14:34|||end (ZButton.QSave(QS))
18:14:34||end;
18:14:34||ZGUIArray.done(000278A770)
18:14:34||ZGUIArray.freeelement(000278A770
18:14:34|||zbasic.done(000278A770) name=ZButton.ProjectTree
18:14:34|||end (ZButton.ProjectTree)
18:14:34||end;
18:14:34||ZGUIArray.done(000278A820)
18:14:34||ZGUIArray.freeelement(000278A820
18:14:34|||zbasic.done(000278A820) name=ZButton.BEdit
18:14:34|||end (ZButton.BEdit)
18:14:34||end;
18:14:34||ZGUIArray.done(000278A8D0)
18:14:34||ZGUIArray.freeelement(000278A8D0
18:14:34|||zbasic.done(000278A8D0) name=ZButton.Line
18:14:34|||end (ZButton.Line)
18:14:34||end;
18:14:34||ZGUIArray.done(000278A980)
18:14:34||ZGUIArray.freeelement(000278A980
18:14:34|||zbasic.done(000278A980) name=ZButton.3DPoly
18:14:34|||end (ZButton.3DPoly)
18:14:34||end;
18:14:34||ZGUIArray.done(000278AA30)
18:14:34||ZGUIArray.freeelement(000278AA30
18:14:34|||zbasic.done(000278AA30) name=ZButton.PolyED
18:14:34|||end (ZButton.PolyED)
18:14:34||end;
18:14:34||ZGUIArray.done(000278AAE0)
18:14:34||ZGUIArray.freeelement(000278AAE0
18:14:34|||zbasic.done(000278AAE0) name=ZButton.Circle
18:14:34|||end (ZButton.Circle)
18:14:34||end;
18:14:34||ZGUIArray.done(000278AB90)
18:14:34||ZGUIArray.freeelement(000278AB90
18:14:34|||zbasic.done(000278AB90) name=ZButton.Insert
18:14:34|||end (ZButton.Insert)
18:14:34||end;
18:14:34||ZGUIArray.done(000278AC40)
18:14:34||ZGUIArray.freeelement(000278AC40
18:14:34|||zbasic.done(000278AC40) name=ZButton.Copy
18:14:34|||end (ZButton.Copy)
18:14:34||end;
18:14:34||ZGUIArray.done(000278ACF0)
18:14:34||ZGUIArray.freeelement(000278ACF0
18:14:34|||zbasic.done(000278ACF0) name=ZButton.Move
18:14:34|||end (ZButton.Move)
18:14:34||end;
18:14:34||ZGUIArray.done(000278ADA0)
18:14:34||ZGUIArray.freeelement(000278ADA0
18:14:34|||zbasic.done(000278ADA0) name=ZButton.Rotate
18:14:34|||end (ZButton.Rotate)
18:14:34||end;
18:14:34||ZGUIArray.done(000278AE50)
18:14:34||ZGUIArray.freeelement(000278AE50
18:14:34|||zbasic.done(000278AE50) name=ZButton.Scale
18:14:34|||end (ZButton.Scale)
18:14:34||end;
18:14:34||ZGUIArray.done(000278AF00)
18:14:34||ZGUIArray.freeelement(000278AF00
18:14:34|||zbasic.done(000278AF00) name=ZButton.El_Cable
18:14:34|||end (ZButton.El_Cable)
18:14:34||end;
18:14:34||ZGUIArray.done(000278AFB0)
18:14:34||ZGUIArray.freeelement(000278AFB0
18:14:34|||zbasic.done(000278AFB0) name=ZButton.EL_Wire
18:14:34|||end (ZButton.EL_Wire)
18:14:34||end;
18:14:34||ZGUIArray.done(000278B060)
18:14:34||ZGUIArray.freeelement(000278B060
18:14:34|||zbasic.done(000278B060) name=ZButton.El_Leader
18:14:34|||end (ZButton.El_Leader)
18:14:34||end;
18:14:34||ZGUIArray.done(000278B110)
18:14:34||ZGUIArray.freeelement(000278B110
18:14:34|||zbasic.done(000278B110) name=ZButton.El_Cable_Join
18:14:34|||end (ZButton.El_Cable_Join)
18:14:34||end;
18:14:34||ZGUIArray.done(000278B1C0)
18:14:34||ZGUIArray.freeelement(000278B1C0
18:14:34|||zbasic.done(000278B1C0) name=ZButton.El_Cable_Select
18:14:34|||end (ZButton.El_Cable_Select)
18:14:34||end;
18:14:34||ZGUIArray.done(000278B270)
18:14:34||ZGUIArray.freeelement(000278B270
18:14:34|||zbasic.done(000278B270) name=ZButton.El_Cable_Invert
18:14:34|||end (ZButton.El_Cable_Invert)
18:14:34||end;
18:14:34||ZGUIArray.done(000278B320)
18:14:34||ZGUIArray.freeelement(000278B320
18:14:34|||zbasic.done(000278B320) name=ZButton.El_Cable_Legend
18:14:34|||end (ZButton.El_Cable_Legend)
18:14:34||end;
18:14:34||ZGUIArray.done(000278B3D0)
18:14:34||ZGUIArray.freeelement(000278B3D0
18:14:34|||zbasic.done(000278B3D0) name=ZButton.El_Material_Legend
18:14:34|||end (ZButton.El_Material_Legend)
18:14:34||end;
18:14:34||ZGUIArray.done(000278B480)
18:14:34||ZGUIArray.freeelement(000278B480
18:14:34|||zbasic.done(000278B480) name=ZButton.PlaceSmokeDetectorOrto
18:14:34|||end (ZButton.PlaceSmokeDetectorOrto)
18:14:34||end;
18:14:34||ZGUIArray.done(000278B530)
18:14:34||ZGUIArray.freeelement(000278B530
18:14:34|||zbasic.done(000278B530) name=ZButton.OrtoDevPlace
18:14:34|||end (ZButton.OrtoDevPlace)
18:14:34||end;
18:14:34||ZGUIArray.done(000278B5E0)
18:14:34||ZGUIArray.freeelement(000278B5E0
18:14:34|||zbasic.done(000278B5E0) name=ZButton.El_Find
18:14:34|||end (ZButton.El_Find)
18:14:34||end;
18:14:34||ZGUIArray.done(000278B690)
18:14:34||ZGUIArray.freeelement(000278B690
18:14:34|||zbasic.done(000278B690) name=ZButton.ObjVarMan
18:14:34|||end (ZButton.ObjVarMan)
18:14:34||end;
18:14:34||ZGUIArray.done(000278B740)
18:14:34||ZGUIArray.freeelement(000278B740
18:14:34|||zbasic.done(000278B740) name=ZButton.AddToOwner
18:14:34|||end (ZButton.AddToOwner)
18:14:34||end;
18:14:34||ZGUIArray.done(000278B7F0)
18:14:34||ZGUIArray.freeelement(000278B7F0
18:14:34|||zbasic.done(000278B7F0) name=ZButton.InsertTestTable
18:14:34|||end (ZButton.InsertTestTable)
18:14:34||end;
18:14:34||ZGUIArray.done(000278B8A0)
18:14:34||ZGUIArray.freeelement(000278B8A0
18:14:34|||zbasic.done(000278B8A0) name=ZButton.SetObjInsp(CURRENT)
18:14:34|||end (ZButton.SetObjInsp(CURRENT))
18:14:34||end;
18:14:34|end (ZForm.Right)
18:14:34|zbasic.done(0001105AC0) name=ZCAD v0.9.6.61
18:14:34||ZGUIArray.done(000278A090)
18:14:34||ZGUIArray.freeelement(000278A090
18:14:34|||zbasic.done(000278A090) name=mainSAVE
18:14:34|||end (mainSAVE)
18:14:34||end;
18:14:34||ZGUIArray.done(0002789FE0)
18:14:34||ZGUIArray.freeelement(0002789FE0
18:14:34|||zbasic.done(0002789FE0) name=mainLOAD
18:14:34|||end (mainLOAD)
18:14:34||end;
18:14:34||ZGUIArray.done(0001105D48)
18:14:34||ZGUIArray.freeelement(0001105D48
18:14:34|||zbasic.done(0001105D48) name=LayerBox
18:14:34|||end (LayerBox)
18:14:34||end;
18:14:34||ZGUIArray.done(0001105E0C)
18:14:34||ZGUIArray.freeelement(0001105E0C
18:14:34|||zbasic.done(0001105E0C) name=LineWBox
18:14:34|||end (LineWBox)
18:14:34||end;
18:14:34||ZGUIArray.done(0002849120)
18:14:34||ZGUIArray.freeelement(0002849120
18:14:34|||zbasic.done(0002849120) name=pinterf
18:14:34||||ZGUIArray.done(0002A5F728)
18:14:34||||ZGUIArray.freeelement(0002A5F728
18:14:34|||||zbasic.done(0002A5F728) name=ZPanelWithSplit.ERROR1 pinterf
18:14:34||||||ZGUIArray.done(0002848A60)
18:14:34||||||ZGUIArray.freeelement(0002848A60
18:14:34|||||||zbasic.done(0002848A60) name=mainps
18:14:34||||||||ZGUIArray.done(00010F018C)
18:14:34||||||||ZGUIArray.freeelement(00010F018C
18:14:34|||||||||zbasic.done(00010F018C) name=GDBobjinsp
18:14:34|||||||||end (GDBobjinsp)
18:14:34||||||||end;
18:14:34||||||||ZGUIArray.done(0002A5FB50)
18:14:34||||||||ZGUIArray.freeelement(0002A5FB50
18:14:34|||||||||zbasic.done(0002A5FB50) name=ZPanelWithSplit.ERROR2 mainps
18:14:34||||||||||ZGUIArray.done(00028491E0)
18:14:34||||||||||ZGUIArray.freeelement(00028491E0
18:14:34|||||||||||zbasic.done(00028491E0) name=ps
18:14:34||||||||||||ZGUIArray.done(0001105C76)
18:14:34||||||||||||ZGUIArray.freeelement(0001105C76
18:14:34|||||||||||||zbasic.done(0001105C76) name=DWGPages
18:14:34|||||||||||||end (DWGPages)
18:14:34||||||||||||end;
18:14:34||||||||||||ZGUIArray.done(00010EF964)
18:14:34||||||||||||ZGUIArray.freeelement(00010EF964
18:14:34|||||||||||||zbasic.done(00010EF964) name=
18:14:34||||||||||||||ZGUIArray.done(00010EF9F3)
18:14:34||||||||||||||ZGUIArray.freeelement(00010EF9F3
18:14:34|||||||||||||||zbasic.done(00010EF9F3) name=>
18:14:34|||||||||||||||end (>)
18:14:34||||||||||||||end;
18:14:34||||||||||||||ZGUIArray.done(00010EFA81)
18:14:34||||||||||||||ZGUIArray.freeelement(00010EFA81
18:14:34|||||||||||||||zbasic.done(00010EFA81) name=
18:14:34|||||||||||||||end ()
18:14:34||||||||||||||end;
18:14:34||||||||||||||ZGUIArray.done(00010EFB20)
18:14:34||||||||||||||ZGUIArray.freeelement(00010EFB20
18:14:34|||||||||||||||zbasic.done(00010EFB20) name=
18:14:34|||||||||||||||end ()
18:14:34||||||||||||||end;
18:14:34|||||||||||||end ()
18:14:34||||||||||||end;
18:14:34|||||||||||end (ps)
18:14:34||||||||||end;
18:14:34|||||||||end (ZPanelWithSplit.ERROR2 mainps)
18:14:34||||||||end;
18:14:34|||||||end (mainps)
18:14:34||||||end;
18:14:34|||||end (ZPanelWithSplit.ERROR1 pinterf)
18:14:34||||end;
18:14:34|||end (pinterf)
18:14:34||end;
18:14:34||ZGUIArray.done(0001105B56)
18:14:34||ZGUIArray.freeelement(0001105B56
18:14:34||end;
18:14:34||ZGUIArray.done(0001105C76)
18:14:34||ZGUIArray.freeelement(0001105C76
18:14:34||end;
18:14:34||ZGUIArray.done(00010EFBCE)
18:14:34||ZGUIArray.freeelement(00010EFBCE
18:14:34|||zbasic.done(00010EFBCE) name=DisplayMenu
18:14:34|||end (DisplayMenu)
18:14:34||end;
18:14:34||ZGUIArray.done(00010EF964)
18:14:34||ZGUIArray.freeelement(00010EF964
18:14:34||end;
18:14:34||ZGUIArray.done(00010F018C)
18:14:34||ZGUIArray.freeelement(00010F018C
18:14:34||end;
18:14:34||ZGUIArray.done(0002A5FA20)
18:14:34||ZGUIArray.freeelement(0002A5FA20
18:14:34|||zbasic.done(0002A5FA20) name=ZForm.DOWNPANEL
18:14:34|||end (ZForm.DOWNPANEL)
18:14:34||end;
18:14:34||ZGUIArray.done(0002A5FC80)
18:14:34||ZGUIArray.freeelement(0002A5FC80
18:14:34|||zbasic.done(0002A5FC80) name=ZForm.UPPANEL
18:14:34||||ZGUIArray.done(000278A400)
18:14:34||||ZGUIArray.freeelement(000278A400
18:14:34|||||zbasic.done(000278A400) name=ZButton.NewDWG
18:14:34|||||end (ZButton.NewDWG)
18:14:34||||end;
18:14:34||||ZGUIArray.done(000278A4B0)
18:14:34||||ZGUIArray.freeelement(000278A4B0
18:14:34|||||zbasic.done(000278A4B0) name=ZButton.Load
18:14:34|||||end (ZButton.Load)
18:14:34||||end;
18:14:34||||ZGUIArray.done(000278A560)
18:14:34||||ZGUIArray.freeelement(000278A560
18:14:34|||||zbasic.done(000278A560) name=ZButton.Save
18:14:34|||||end (ZButton.Save)
18:14:34||||end;
18:14:34|||end (ZForm.UPPANEL)
18:14:34||end;
18:14:34||ZGUIArray.done(00010F02A8)
18:14:34||ZGUIArray.freeelement(00010F02A8
18:14:34|||zbasic.done(00010F03FC) name=ProgramTree
18:14:34|||end (ProgramTree)
18:14:34|||zbasic.done(00010F04CE) name=ProjectTree
18:14:34|||end (ProjectTree)
18:14:34|||zbasic.done(00010F0336) name=page
18:14:34||||ZGUIArray.done(0002A5FD18)
18:14:34||||ZGUIArray.freeelement(0002A5FD18
18:14:34|||||zbasic.done(0002A5FD18) name= 0
18:14:34|||||end ( 0)
18:14:34||||end;
18:14:34||||ZGUIArray.done(0002A5FDB0)
18:14:34||||ZGUIArray.freeelement(0002A5FDB0
18:14:34|||||zbasic.done(0002A5FDB0) name= 1
18:14:34|||||end ( 1)
18:14:34||||end;
18:14:34|||end (page)
18:14:34|||ZGUIArray.done(0002A5FD18)
18:14:34|||ZGUIArray.freeelement(0002A5FD18
18:14:34|||end;
18:14:34|||ZGUIArray.done(0002A5FDB0)
18:14:34|||ZGUIArray.freeelement(0002A5FDB0
18:14:34|||end;
18:14:34|||zbasic.done(00010F02A8) name=
18:14:34|||end ()
18:14:34||end;
18:14:34|end (ZCAD v0.9.6.61)
18:14:34|zbasic.done(0001106CA8) name=Please wait.....
18:14:34||ZGUIArray.done(0001106D36)
18:14:34||ZGUIArray.freeelement(0001106D36
18:14:34|||zbasic.done(0001106D36) name=
18:14:34|||end ()
18:14:34||end;
18:14:34|end (Please wait.....)
18:14:34|GUIOpenArray.finalize
18:14:34|ZGUIArray.done(00027EA880)
18:14:34|ZGUIArray.freeelement(00027EA880
18:14:34|end;
18:14:34|END.
18:14:34|-------------------------Log ended-------------------------
