--- git branch
issue-578-5408550377d7
--- git remotes
origin	https://github.com/konard/zcadvelecAI.git (fetch)
origin	https://github.com/konard/zcadvelecAI.git (push)
upstream	https://github.com/veb86/zcadvelecAI.git (fetch)
upstream	https://github.com/veb86/zcadvelecAI.git (push)
--- git status
## issue-578-5408550377d7...origin/issue-578-5408550377d7
?? logs/00-steps.log
?? logs/01-pwd.txt
?? logs/02-branch.txt
?? logs/03-git-status.txt
?? logs/04-git-log.txt
?? logs/05-ls-root.txt
?? logs/10-issue-578.json
?? logs/11-pr-579.json
?? logs/12-layerWeightBigSmall-head.txt
?? logs/13-zcad-head.txt
?? logs/13a-zcad-search.txt
?? logs/20-workflows.txt
?? logs/21-git-commit.txt
?? logs/21-workflow-heads.txt
?? logs/22-gh-pages.yml
?? logs/22-git-push.txt
?? logs/30-gh-runs.json
?? logs/31-pr-checks.txt
?? logs/40-space-list.txt
?? logs/41-space-registers.txt
?? logs/42-showhidespace-head.txt
?? logs/50-gitignore.txt
?? logs/60-pr-body.md
?? logs/61-pr-edit.txt
?? logs/62-pr-ready.txt
?? logs/repo_state.log
--- recent commits
ae700d758 Revert "Initial commit with task details for issue #578"
53810b010 velec/space: add layerWeightBigSmall command to toggle layer lineweight (2.00mm/0.00mm); register in main uses
5a4281bd1 Initial commit with task details for issue #578
2e4101a41 правки меню
e9299af32 Иконки развитие правки
7da1735ee интерфейс
bc1d30b36 rкорректировка+ добавление нового меню
31bb3ad99 Merge pull request #575 from konard/issue-572-04c0e5ce0eae
2d1a974f6 Merge pull request #574 from konard/issue-570-b198bc5d61b0
de4722c90 Revert "Initial commit with task details for issue #572"
