======================================================================
TRACING 7-POINT INTERPOLATION (EXACT PASCAL LOGIC)
======================================================================

numPoints = 7

params = [0.         0.24650848 0.29485277 0.49418139 0.63091969 0.84712193
 1.        ]
numControlPoints = 7

knots = [0.         0.         0.         0.         0.34518088 0.47331795
 0.65740767 1.         1.         1.         1.        ]
knot vector length = 11

======================================================================
BUILDING COEFFICIENT MATRIX
======================================================================

Row 0: u = 0.000000
  Basis values: [1. 0. 0. 0. 0. 0. 0.]
  Sum = 1.0000000000

Row 1: u = 0.246508
  Basis values: [0.0233586  0.32016299 0.51701472 0.13946368 0.         0.
 0.        ]
  Sum = 1.0000000000

Row 2: u = 0.294853
  Basis values: [0.0030995  0.18655757 0.57168209 0.23866084 0.         0.
 0.        ]
  Sum = 1.0000000000

Row 3: u = 0.494181
  Basis values: [0.00000000e+00 0.00000000e+00 1.15089525e-01 7.59372396e-01
 1.25360239e-01 1.77840654e-04 0.00000000e+00]
  Sum = 1.0000000000

Row 4: u = 0.630920
  Basis values: [0.00000000e+00 0.00000000e+00 4.91826594e-04 4.24079641e-01
 4.98770714e-01 7.66578186e-02 0.00000000e+00]
  Sum = 1.0000000000

Row 5: u = 0.847122
  Basis values: [0.         0.         0.         0.03024044 0.26294588 0.53700221
 0.16981147]
  Sum = 1.0000000000

Row 6: u = 1.000000
  Basis values: [0. 0. 0. 0. 0. 0. 1.]
  Sum = 1.0000000000

======================================================================
MATRIX ANALYSIS
======================================================================
Condition number: 1.16e+01

======================================================================
SOLVING FOR CONTROL POINTS
======================================================================
✓ System solved successfully

Control Points:
  P0: (1.000000, 2.000000)
  P1: (2.779411, 3.760145)
  P2: (4.626109, 0.429660)
  P3: (1.398289, 0.195627)
  P4: (-0.756968, 2.405011)
  P5: (3.682501, 2.834390)
  P6: (4.000000, 2.000000)

======================================================================
INTERPOLATION VERIFICATION
======================================================================
p1: error = 0.00e+00 ✓ PASS
p2: error = 0.00e+00 ✓ PASS
p3: error = 1.11e-16 ✓ PASS
p4: error = 2.22e-16 ✓ PASS
p5: error = 0.00e+00 ✓ PASS
p6: error = 0.00e+00 ✓ PASS
p7: error = 0.00e+00 ✓ PASS
